{"D:\\hacktiv8\\Phase 3\\Koma\\Server\\app.js": {"path":"D:\\hacktiv8\\Phase 3\\Koma\\Server\\app.js","statementMap":{"0":{"start":{"line":1,"column":0},"end":{"line":3,"column":1}},"1":{"start":{"line":2,"column":2},"end":{"line":2,"column":29}},"2":{"start":{"line":4,"column":16},"end":{"line":4,"column":34}},"3":{"start":{"line":5,"column":12},"end":{"line":5,"column":21}},"4":{"start":{"line":6,"column":13},"end":{"line":6,"column":37}},"5":{"start":{"line":7,"column":13},"end":{"line":7,"column":28}},"6":{"start":{"line":8,"column":15},"end":{"line":8,"column":34}},"7":{"start":{"line":9,"column":21},"end":{"line":9,"column":59}},"8":{"start":{"line":10,"column":13},"end":{"line":10,"column":28}},"9":{"start":{"line":12,"column":0},"end":{"line":12,"column":16}},"10":{"start":{"line":13,"column":0},"end":{"line":13,"column":49}},"11":{"start":{"line":14,"column":0},"end":{"line":14,"column":24}},"12":{"start":{"line":15,"column":0},"end":{"line":15,"column":56}},"13":{"start":{"line":17,"column":0},"end":{"line":17,"column":16}},"14":{"start":{"line":18,"column":0},"end":{"line":18,"column":22}},"15":{"start":{"line":20,"column":0},"end":{"line":20,"column":21}}},"fnMap":{},"branchMap":{"0":{"loc":{"start":{"line":1,"column":0},"end":{"line":3,"column":1}},"type":"if","locations":[{"start":{"line":1,"column":0},"end":{"line":3,"column":1}},{"start":{},"end":{}}],"line":1},"1":{"loc":{"start":{"line":6,"column":13},"end":{"line":6,"column":37}},"type":"binary-expr","locations":[{"start":{"line":6,"column":13},"end":{"line":6,"column":29}},{"start":{"line":6,"column":33},"end":{"line":6,"column":37}}],"line":6}},"s":{"0":6,"1":6,"2":6,"3":6,"4":6,"5":6,"6":6,"7":6,"8":6,"9":6,"10":6,"11":6,"12":6,"13":6,"14":6,"15":6},"f":{},"b":{"0":[6,0],"1":[6,6]},"_coverageSchema":"1a1c01bbd47fc00a2c39e90264f33305004495a9","hash":"3ba392c416016102e826e40b14858a9db040c551"}
,"D:\\hacktiv8\\Phase 3\\Koma\\Server\\controllers\\OwnerController.js": {"path":"D:\\hacktiv8\\Phase 3\\Koma\\Server\\controllers\\OwnerController.js","statementMap":{"0":{"start":{"line":15,"column":4},"end":{"line":15,"column":24}},"1":{"start":{"line":16,"column":25},"end":{"line":19,"column":2}},"2":{"start":{"line":21,"column":0},"end":{"line":311,"column":2}},"3":{"start":{"line":23,"column":4},"end":{"line":40,"column":5}},"4":{"start":{"line":24,"column":66},"end":{"line":24,"column":74}},"5":{"start":{"line":25,"column":19},"end":{"line":25,"column":26}},"6":{"start":{"line":26,"column":22},"end":{"line":33,"column":8}},"7":{"start":{"line":34,"column":6},"end":{"line":36,"column":9}},"8":{"start":{"line":38,"column":6},"end":{"line":38,"column":23}},"9":{"start":{"line":39,"column":6},"end":{"line":39,"column":16}},"10":{"start":{"line":44,"column":4},"end":{"line":54,"column":5}},"11":{"start":{"line":45,"column":29},"end":{"line":49,"column":8}},"12":{"start":{"line":50,"column":6},"end":{"line":50,"column":43}},"13":{"start":{"line":52,"column":6},"end":{"line":52,"column":23}},"14":{"start":{"line":53,"column":6},"end":{"line":53,"column":16}},"15":{"start":{"line":58,"column":4},"end":{"line":78,"column":5}},"16":{"start":{"line":59,"column":29},"end":{"line":74,"column":8}},"17":{"start":{"line":75,"column":6},"end":{"line":75,"column":43}},"18":{"start":{"line":77,"column":6},"end":{"line":77,"column":16}},"19":{"start":{"line":82,"column":14},"end":{"line":82,"column":43}},"20":{"start":{"line":83,"column":4},"end":{"line":151,"column":5}},"21":{"start":{"line":96,"column":10},"end":{"line":96,"column":18}},"22":{"start":{"line":98,"column":6},"end":{"line":98,"column":28}},"23":{"start":{"line":100,"column":20},"end":{"line":100,"column":22}},"24":{"start":{"line":101,"column":23},"end":{"line":105,"column":20}},"25":{"start":{"line":106,"column":6},"end":{"line":107,"column":41}},"26":{"start":{"line":107,"column":8},"end":{"line":107,"column":41}},"27":{"start":{"line":109,"column":16},"end":{"line":109,"column":37}},"28":{"start":{"line":110,"column":6},"end":{"line":113,"column":7}},"29":{"start":{"line":110,"column":19},"end":{"line":110,"column":20}},"30":{"start":{"line":111,"column":18},"end":{"line":111,"column":24}},"31":{"start":{"line":112,"column":8},"end":{"line":112,"column":79}},"32":{"start":{"line":115,"column":6},"end":{"line":115,"column":42}},"33":{"start":{"line":116,"column":31},"end":{"line":130,"column":7}},"34":{"start":{"line":131,"column":20},"end":{"line":133,"column":8}},"35":{"start":{"line":132,"column":8},"end":{"line":132,"column":73}},"36":{"start":{"line":134,"column":6},"end":{"line":134,"column":69}},"37":{"start":{"line":139,"column":25},"end":{"line":141,"column":8}},"38":{"start":{"line":140,"column":8},"end":{"line":140,"column":75}},"39":{"start":{"line":142,"column":6},"end":{"line":142,"column":79}},"40":{"start":{"line":143,"column":6},"end":{"line":143,"column":23}},"41":{"start":{"line":144,"column":6},"end":{"line":146,"column":79}},"42":{"start":{"line":148,"column":6},"end":{"line":148,"column":23}},"43":{"start":{"line":149,"column":6},"end":{"line":149,"column":25}},"44":{"start":{"line":150,"column":6},"end":{"line":150,"column":16}},"45":{"start":{"line":155,"column":14},"end":{"line":155,"column":43}},"46":{"start":{"line":156,"column":4},"end":{"line":232,"column":5}},"47":{"start":{"line":157,"column":21},"end":{"line":157,"column":31}},"48":{"start":{"line":170,"column":10},"end":{"line":170,"column":18}},"49":{"start":{"line":171,"column":6},"end":{"line":171,"column":30}},"50":{"start":{"line":172,"column":6},"end":{"line":172,"column":35}},"51":{"start":{"line":174,"column":20},"end":{"line":174,"column":22}},"52":{"start":{"line":175,"column":23},"end":{"line":179,"column":20}},"53":{"start":{"line":180,"column":16},"end":{"line":180,"column":37}},"54":{"start":{"line":181,"column":6},"end":{"line":184,"column":7}},"55":{"start":{"line":181,"column":19},"end":{"line":181,"column":20}},"56":{"start":{"line":182,"column":18},"end":{"line":182,"column":24}},"57":{"start":{"line":183,"column":8},"end":{"line":183,"column":79}},"58":{"start":{"line":185,"column":28},"end":{"line":199,"column":7}},"59":{"start":{"line":200,"column":6},"end":{"line":200,"column":57}},"60":{"start":{"line":200,"column":30},"end":{"line":200,"column":57}},"61":{"start":{"line":201,"column":20},"end":{"line":203,"column":8}},"62":{"start":{"line":202,"column":8},"end":{"line":202,"column":60}},"63":{"start":{"line":204,"column":6},"end":{"line":207,"column":9}},"64":{"start":{"line":208,"column":6},"end":{"line":208,"column":69}},"65":{"start":{"line":216,"column":25},"end":{"line":218,"column":8}},"66":{"start":{"line":217,"column":8},"end":{"line":217,"column":66}},"67":{"start":{"line":219,"column":6},"end":{"line":221,"column":9}},"68":{"start":{"line":223,"column":6},"end":{"line":223,"column":79}},"69":{"start":{"line":224,"column":6},"end":{"line":224,"column":23}},"70":{"start":{"line":225,"column":6},"end":{"line":227,"column":68}},"71":{"start":{"line":229,"column":6},"end":{"line":229,"column":59}},"72":{"start":{"line":230,"column":6},"end":{"line":230,"column":25}},"73":{"start":{"line":231,"column":6},"end":{"line":231,"column":16}},"74":{"start":{"line":236,"column":4},"end":{"line":245,"column":5}},"75":{"start":{"line":237,"column":21},"end":{"line":237,"column":31}},"76":{"start":{"line":238,"column":6},"end":{"line":238,"column":49}},"77":{"start":{"line":239,"column":25},"end":{"line":239,"column":58}},"78":{"start":{"line":240,"column":6},"end":{"line":240,"column":50}},"79":{"start":{"line":240,"column":23},"end":{"line":240,"column":50}},"80":{"start":{"line":241,"column":6},"end":{"line":241,"column":54}},"81":{"start":{"line":242,"column":6},"end":{"line":242,"column":68}},"82":{"start":{"line":244,"column":6},"end":{"line":244,"column":16}},"83":{"start":{"line":250,"column":4},"end":{"line":250,"column":34}},"84":{"start":{"line":252,"column":6},"end":{"line":252,"column":78}},"85":{"start":{"line":253,"column":4},"end":{"line":253,"column":51}},"86":{"start":{"line":257,"column":4},"end":{"line":287,"column":5}},"87":{"start":{"line":258,"column":21},"end":{"line":258,"column":31}},"88":{"start":{"line":260,"column":25},"end":{"line":282,"column":8}},"89":{"start":{"line":284,"column":6},"end":{"line":284,"column":39}},"90":{"start":{"line":286,"column":6},"end":{"line":286,"column":16}},"91":{"start":{"line":291,"column":4},"end":{"line":309,"column":5}},"92":{"start":{"line":292,"column":29},"end":{"line":292,"column":39}},"93":{"start":{"line":294,"column":28},"end":{"line":294,"column":56}},"94":{"start":{"line":296,"column":6},"end":{"line":298,"column":7}},"95":{"start":{"line":297,"column":8},"end":{"line":297,"column":35}},"96":{"start":{"line":300,"column":26},"end":{"line":304,"column":8}},"97":{"start":{"line":306,"column":6},"end":{"line":306,"column":65}},"98":{"start":{"line":308,"column":6},"end":{"line":308,"column":16}}},"fnMap":{"0":{"name":"(anonymous_0)","decl":{"start":{"line":22,"column":2},"end":{"line":22,"column":3}},"loc":{"start":{"line":22,"column":47},"end":{"line":41,"column":3}},"line":22},"1":{"name":"(anonymous_1)","decl":{"start":{"line":43,"column":2},"end":{"line":43,"column":3}},"loc":{"start":{"line":43,"column":49},"end":{"line":55,"column":3}},"line":43},"2":{"name":"(anonymous_2)","decl":{"start":{"line":57,"column":2},"end":{"line":57,"column":3}},"loc":{"start":{"line":57,"column":53},"end":{"line":79,"column":3}},"line":57},"3":{"name":"(anonymous_3)","decl":{"start":{"line":81,"column":2},"end":{"line":81,"column":3}},"loc":{"start":{"line":81,"column":48},"end":{"line":152,"column":3}},"line":81},"4":{"name":"(anonymous_4)","decl":{"start":{"line":131,"column":35},"end":{"line":131,"column":36}},"loc":{"start":{"line":131,"column":45},"end":{"line":133,"column":7}},"line":131},"5":{"name":"(anonymous_5)","decl":{"start":{"line":139,"column":45},"end":{"line":139,"column":46}},"loc":{"start":{"line":139,"column":53},"end":{"line":141,"column":7}},"line":139},"6":{"name":"(anonymous_6)","decl":{"start":{"line":154,"column":2},"end":{"line":154,"column":3}},"loc":{"start":{"line":154,"column":51},"end":{"line":233,"column":3}},"line":154},"7":{"name":"(anonymous_7)","decl":{"start":{"line":201,"column":35},"end":{"line":201,"column":36}},"loc":{"start":{"line":201,"column":45},"end":{"line":203,"column":7}},"line":201},"8":{"name":"(anonymous_8)","decl":{"start":{"line":216,"column":45},"end":{"line":216,"column":46}},"loc":{"start":{"line":216,"column":53},"end":{"line":218,"column":7}},"line":216},"9":{"name":"(anonymous_9)","decl":{"start":{"line":235,"column":2},"end":{"line":235,"column":3}},"loc":{"start":{"line":235,"column":51},"end":{"line":246,"column":3}},"line":235},"10":{"name":"(anonymous_10)","decl":{"start":{"line":248,"column":2},"end":{"line":248,"column":3}},"loc":{"start":{"line":248,"column":43},"end":{"line":254,"column":3}},"line":248},"11":{"name":"(anonymous_11)","decl":{"start":{"line":256,"column":2},"end":{"line":256,"column":3}},"loc":{"start":{"line":256,"column":45},"end":{"line":288,"column":3}},"line":256},"12":{"name":"(anonymous_12)","decl":{"start":{"line":290,"column":2},"end":{"line":290,"column":3}},"loc":{"start":{"line":290,"column":48},"end":{"line":310,"column":3}},"line":290}},"branchMap":{"0":{"loc":{"start":{"line":106,"column":6},"end":{"line":107,"column":41}},"type":"if","locations":[{"start":{"line":106,"column":6},"end":{"line":107,"column":41}},{"start":{},"end":{}}],"line":106},"1":{"loc":{"start":{"line":106,"column":10},"end":{"line":106,"column":75}},"type":"binary-expr","locations":[{"start":{"line":106,"column":10},"end":{"line":106,"column":39}},{"start":{"line":106,"column":43},"end":{"line":106,"column":75}}],"line":106},"2":{"loc":{"start":{"line":200,"column":6},"end":{"line":200,"column":57}},"type":"if","locations":[{"start":{"line":200,"column":6},"end":{"line":200,"column":57}},{"start":{},"end":{}}],"line":200},"3":{"loc":{"start":{"line":240,"column":6},"end":{"line":240,"column":50}},"type":"if","locations":[{"start":{"line":240,"column":6},"end":{"line":240,"column":50}},{"start":{},"end":{}}],"line":240},"4":{"loc":{"start":{"line":296,"column":6},"end":{"line":298,"column":7}},"type":"if","locations":[{"start":{"line":296,"column":6},"end":{"line":298,"column":7}},{"start":{},"end":{}}],"line":296}},"s":{"0":6,"1":6,"2":6,"3":0,"4":0,"5":0,"6":0,"7":0,"8":0,"9":0,"10":0,"11":0,"12":0,"13":0,"14":0,"15":0,"16":0,"17":0,"18":0,"19":0,"20":0,"21":0,"22":0,"23":0,"24":0,"25":0,"26":0,"27":0,"28":0,"29":0,"30":0,"31":0,"32":0,"33":0,"34":0,"35":0,"36":0,"37":0,"38":0,"39":0,"40":0,"41":0,"42":0,"43":0,"44":0,"45":0,"46":0,"47":0,"48":0,"49":0,"50":0,"51":0,"52":0,"53":0,"54":0,"55":0,"56":0,"57":0,"58":0,"59":0,"60":0,"61":0,"62":0,"63":0,"64":0,"65":0,"66":0,"67":0,"68":0,"69":0,"70":0,"71":0,"72":0,"73":0,"74":0,"75":0,"76":0,"77":0,"78":0,"79":0,"80":0,"81":0,"82":0,"83":0,"84":0,"85":0,"86":0,"87":0,"88":0,"89":0,"90":0,"91":0,"92":0,"93":0,"94":0,"95":0,"96":0,"97":0,"98":0},"f":{"0":0,"1":0,"2":0,"3":0,"4":0,"5":0,"6":0,"7":0,"8":0,"9":0,"10":0,"11":0,"12":0},"b":{"0":[0,0],"1":[0,0],"2":[0,0],"3":[0,0],"4":[0,0]},"_coverageSchema":"1a1c01bbd47fc00a2c39e90264f33305004495a9","hash":"5d9e036a5954e5a0bdfe67e8d16e78f1b3ee0cbd"}
,"D:\\hacktiv8\\Phase 3\\Koma\\Server\\controllers\\adminController.js": {"path":"D:\\hacktiv8\\Phase 3\\Koma\\Server\\controllers\\adminController.js","statementMap":{"0":{"start":{"line":15,"column":4},"end":{"line":15,"column":24}},"1":{"start":{"line":19,"column":4},"end":{"line":40,"column":5}},"2":{"start":{"line":20,"column":21},"end":{"line":35,"column":8}},"3":{"start":{"line":37,"column":6},"end":{"line":37,"column":37}},"4":{"start":{"line":39,"column":6},"end":{"line":39,"column":16}},"5":{"start":{"line":44,"column":4},"end":{"line":62,"column":5}},"6":{"start":{"line":45,"column":21},"end":{"line":45,"column":31}},"7":{"start":{"line":47,"column":31},"end":{"line":47,"column":64}},"8":{"start":{"line":49,"column":6},"end":{"line":51,"column":7}},"9":{"start":{"line":50,"column":8},"end":{"line":50,"column":35}},"10":{"start":{"line":53,"column":6},"end":{"line":55,"column":9}},"11":{"start":{"line":57,"column":6},"end":{"line":59,"column":9}},"12":{"start":{"line":61,"column":6},"end":{"line":61,"column":16}},"13":{"start":{"line":66,"column":0},"end":{"line":66,"column":33}}},"fnMap":{"0":{"name":"(anonymous_0)","decl":{"start":{"line":18,"column":2},"end":{"line":18,"column":3}},"loc":{"start":{"line":18,"column":42},"end":{"line":41,"column":3}},"line":18},"1":{"name":"(anonymous_1)","decl":{"start":{"line":43,"column":2},"end":{"line":43,"column":3}},"loc":{"start":{"line":43,"column":51},"end":{"line":63,"column":3}},"line":43}},"branchMap":{"0":{"loc":{"start":{"line":49,"column":6},"end":{"line":51,"column":7}},"type":"if","locations":[{"start":{"line":49,"column":6},"end":{"line":51,"column":7}},{"start":{},"end":{}}],"line":49}},"s":{"0":6,"1":0,"2":0,"3":0,"4":0,"5":0,"6":0,"7":0,"8":0,"9":0,"10":0,"11":0,"12":0,"13":6},"f":{"0":0,"1":0},"b":{"0":[0,0]},"_coverageSchema":"1a1c01bbd47fc00a2c39e90264f33305004495a9","hash":"4ef74bdb1312388a47d7792f8b02188577512234"}
,"D:\\hacktiv8\\Phase 3\\Koma\\Server\\controllers\\controllerClient.js": {"path":"D:\\hacktiv8\\Phase 3\\Koma\\Server\\controllers\\controllerClient.js","statementMap":{"0":{"start":{"line":3,"column":23},"end":{"line":3,"column":49}},"1":{"start":{"line":24,"column":4},"end":{"line":24,"column":24}},"2":{"start":{"line":25,"column":53},"end":{"line":25,"column":64}},"3":{"start":{"line":26,"column":25},"end":{"line":29,"column":2}},"4":{"start":{"line":33,"column":4},"end":{"line":54,"column":5}},"5":{"start":{"line":34,"column":66},"end":{"line":34,"column":74}},"6":{"start":{"line":35,"column":18},"end":{"line":42,"column":7}},"7":{"start":{"line":43,"column":6},"end":{"line":43,"column":25}},"8":{"start":{"line":45,"column":26},"end":{"line":45,"column":51}},"9":{"start":{"line":47,"column":6},"end":{"line":50,"column":9}},"10":{"start":{"line":52,"column":6},"end":{"line":52,"column":23}},"11":{"start":{"line":53,"column":6},"end":{"line":53,"column":16}},"12":{"start":{"line":58,"column":4},"end":{"line":88,"column":5}},"13":{"start":{"line":59,"column":23},"end":{"line":59,"column":32}},"14":{"start":{"line":61,"column":22},"end":{"line":75,"column":7}},"15":{"start":{"line":77,"column":6},"end":{"line":81,"column":7}},"16":{"start":{"line":78,"column":8},"end":{"line":80,"column":10}},"17":{"start":{"line":83,"column":16},"end":{"line":83,"column":53}},"18":{"start":{"line":85,"column":6},"end":{"line":85,"column":32}},"19":{"start":{"line":87,"column":6},"end":{"line":87,"column":16}},"20":{"start":{"line":92,"column":4},"end":{"line":144,"column":5}},"21":{"start":{"line":93,"column":21},"end":{"line":93,"column":31}},"22":{"start":{"line":95,"column":33},"end":{"line":124,"column":8}},"23":{"start":{"line":141,"column":6},"end":{"line":141,"column":47}},"24":{"start":{"line":143,"column":6},"end":{"line":143,"column":16}},"25":{"start":{"line":148,"column":4},"end":{"line":189,"column":5}},"26":{"start":{"line":149,"column":21},"end":{"line":149,"column":29}},"27":{"start":{"line":150,"column":25},"end":{"line":185,"column":8}},"28":{"start":{"line":186,"column":6},"end":{"line":186,"column":39}},"29":{"start":{"line":188,"column":6},"end":{"line":188,"column":16}},"30":{"start":{"line":193,"column":4},"end":{"line":234,"column":5}},"31":{"start":{"line":194,"column":21},"end":{"line":194,"column":29}},"32":{"start":{"line":195,"column":25},"end":{"line":230,"column":8}},"33":{"start":{"line":231,"column":6},"end":{"line":231,"column":39}},"34":{"start":{"line":233,"column":6},"end":{"line":233,"column":16}},"35":{"start":{"line":238,"column":4},"end":{"line":265,"column":5}},"36":{"start":{"line":239,"column":21},"end":{"line":239,"column":31}},"37":{"start":{"line":240,"column":45},"end":{"line":240,"column":53}},"38":{"start":{"line":241,"column":29},"end":{"line":241,"column":37}},"39":{"start":{"line":247,"column":32},"end":{"line":247,"column":65}},"40":{"start":{"line":249,"column":6},"end":{"line":251,"column":7}},"41":{"start":{"line":250,"column":8},"end":{"line":250,"column":35}},"42":{"start":{"line":253,"column":18},"end":{"line":258,"column":7}},"43":{"start":{"line":260,"column":30},"end":{"line":260,"column":59}},"44":{"start":{"line":261,"column":6},"end":{"line":261,"column":79}},"45":{"start":{"line":263,"column":6},"end":{"line":263,"column":23}},"46":{"start":{"line":264,"column":6},"end":{"line":264,"column":16}},"47":{"start":{"line":269,"column":4},"end":{"line":289,"column":5}},"48":{"start":{"line":270,"column":21},"end":{"line":270,"column":31}},"49":{"start":{"line":271,"column":29},"end":{"line":271,"column":37}},"50":{"start":{"line":273,"column":32},"end":{"line":273,"column":65}},"51":{"start":{"line":275,"column":6},"end":{"line":277,"column":7}},"52":{"start":{"line":276,"column":8},"end":{"line":276,"column":35}},"53":{"start":{"line":279,"column":18},"end":{"line":282,"column":7}},"54":{"start":{"line":284,"column":27},"end":{"line":284,"column":56}},"55":{"start":{"line":285,"column":6},"end":{"line":285,"column":68}},"56":{"start":{"line":287,"column":6},"end":{"line":287,"column":23}},"57":{"start":{"line":288,"column":6},"end":{"line":288,"column":16}},"58":{"start":{"line":293,"column":4},"end":{"line":315,"column":5}},"59":{"start":{"line":294,"column":21},"end":{"line":294,"column":31}},"60":{"start":{"line":295,"column":6},"end":{"line":295,"column":31}},"61":{"start":{"line":297,"column":27},"end":{"line":297,"column":55}},"62":{"start":{"line":299,"column":6},"end":{"line":301,"column":7}},"63":{"start":{"line":300,"column":8},"end":{"line":300,"column":35}},"64":{"start":{"line":303,"column":6},"end":{"line":307,"column":9}},"65":{"start":{"line":309,"column":6},"end":{"line":311,"column":9}},"66":{"start":{"line":313,"column":6},"end":{"line":313,"column":57}},"67":{"start":{"line":314,"column":6},"end":{"line":314,"column":16}},"68":{"start":{"line":319,"column":4},"end":{"line":350,"column":5}},"69":{"start":{"line":320,"column":21},"end":{"line":320,"column":31}},"70":{"start":{"line":321,"column":29},"end":{"line":321,"column":37}},"71":{"start":{"line":323,"column":28},"end":{"line":323,"column":56}},"72":{"start":{"line":325,"column":6},"end":{"line":327,"column":7}},"73":{"start":{"line":326,"column":8},"end":{"line":326,"column":35}},"74":{"start":{"line":329,"column":31},"end":{"line":337,"column":7}},"75":{"start":{"line":339,"column":6},"end":{"line":339,"column":61}},"76":{"start":{"line":341,"column":6},"end":{"line":343,"column":7}},"77":{"start":{"line":342,"column":8},"end":{"line":342,"column":35}},"78":{"start":{"line":345,"column":6},"end":{"line":347,"column":9}},"79":{"start":{"line":349,"column":6},"end":{"line":349,"column":16}},"80":{"start":{"line":354,"column":4},"end":{"line":374,"column":5}},"81":{"start":{"line":355,"column":21},"end":{"line":355,"column":31}},"82":{"start":{"line":357,"column":28},"end":{"line":357,"column":56}},"83":{"start":{"line":359,"column":6},"end":{"line":361,"column":7}},"84":{"start":{"line":360,"column":8},"end":{"line":360,"column":35}},"85":{"start":{"line":369,"column":6},"end":{"line":371,"column":9}},"86":{"start":{"line":373,"column":6},"end":{"line":373,"column":16}},"87":{"start":{"line":378,"column":4},"end":{"line":414,"column":5}},"88":{"start":{"line":379,"column":25},"end":{"line":379,"column":33}},"89":{"start":{"line":381,"column":6},"end":{"line":381,"column":45}},"90":{"start":{"line":383,"column":17},"end":{"line":388,"column":8}},"91":{"start":{"line":390,"column":22},"end":{"line":401,"column":7}},"92":{"start":{"line":403,"column":26},"end":{"line":403,"column":65}},"93":{"start":{"line":404,"column":29},"end":{"line":404,"column":46}},"94":{"start":{"line":406,"column":6},"end":{"line":406,"column":61}},"95":{"start":{"line":408,"column":6},"end":{"line":411,"column":9}},"96":{"start":{"line":413,"column":6},"end":{"line":413,"column":16}},"97":{"start":{"line":418,"column":4},"end":{"line":469,"column":5}},"98":{"start":{"line":419,"column":26},"end":{"line":419,"column":35}},"99":{"start":{"line":421,"column":6},"end":{"line":421,"column":41}},"100":{"start":{"line":422,"column":23},"end":{"line":426,"column":20}},"101":{"start":{"line":427,"column":6},"end":{"line":427,"column":28}},"102":{"start":{"line":428,"column":6},"end":{"line":428,"column":74}},"103":{"start":{"line":428,"column":41},"end":{"line":428,"column":74}},"104":{"start":{"line":429,"column":16},"end":{"line":429,"column":37}},"105":{"start":{"line":430,"column":20},"end":{"line":430,"column":22}},"106":{"start":{"line":431,"column":6},"end":{"line":434,"column":7}},"107":{"start":{"line":431,"column":19},"end":{"line":431,"column":20}},"108":{"start":{"line":432,"column":18},"end":{"line":432,"column":24}},"109":{"start":{"line":433,"column":8},"end":{"line":433,"column":79}},"110":{"start":{"line":435,"column":6},"end":{"line":435,"column":42}},"111":{"start":{"line":436,"column":19},"end":{"line":436,"column":40}},"112":{"start":{"line":437,"column":18},"end":{"line":437,"column":39}},"113":{"start":{"line":438,"column":23},"end":{"line":438,"column":27}},"114":{"start":{"line":439,"column":21},"end":{"line":464,"column":7}},"115":{"start":{"line":465,"column":6},"end":{"line":465,"column":26}},"116":{"start":{"line":466,"column":6},"end":{"line":466,"column":35}},"117":{"start":{"line":468,"column":6},"end":{"line":468,"column":16}},"118":{"start":{"line":473,"column":0},"end":{"line":473,"column":34}}},"fnMap":{"0":{"name":"(anonymous_0)","decl":{"start":{"line":32,"column":2},"end":{"line":32,"column":3}},"loc":{"start":{"line":32,"column":46},"end":{"line":55,"column":3}},"line":32},"1":{"name":"(anonymous_1)","decl":{"start":{"line":57,"column":2},"end":{"line":57,"column":3}},"loc":{"start":{"line":57,"column":46},"end":{"line":89,"column":3}},"line":57},"2":{"name":"(anonymous_2)","decl":{"start":{"line":91,"column":2},"end":{"line":91,"column":3}},"loc":{"start":{"line":91,"column":48},"end":{"line":145,"column":3}},"line":91},"3":{"name":"(anonymous_3)","decl":{"start":{"line":147,"column":2},"end":{"line":147,"column":3}},"loc":{"start":{"line":147,"column":42},"end":{"line":190,"column":3}},"line":147},"4":{"name":"(anonymous_4)","decl":{"start":{"line":192,"column":2},"end":{"line":192,"column":3}},"loc":{"start":{"line":192,"column":42},"end":{"line":235,"column":3}},"line":192},"5":{"name":"(anonymous_5)","decl":{"start":{"line":237,"column":2},"end":{"line":237,"column":3}},"loc":{"start":{"line":237,"column":47},"end":{"line":266,"column":3}},"line":237},"6":{"name":"(anonymous_6)","decl":{"start":{"line":268,"column":2},"end":{"line":268,"column":3}},"loc":{"start":{"line":268,"column":46},"end":{"line":290,"column":3}},"line":268},"7":{"name":"(anonymous_7)","decl":{"start":{"line":292,"column":2},"end":{"line":292,"column":3}},"loc":{"start":{"line":292,"column":46},"end":{"line":316,"column":3}},"line":292},"8":{"name":"(anonymous_8)","decl":{"start":{"line":318,"column":2},"end":{"line":318,"column":3}},"loc":{"start":{"line":318,"column":53},"end":{"line":351,"column":3}},"line":318},"9":{"name":"(anonymous_9)","decl":{"start":{"line":353,"column":2},"end":{"line":353,"column":3}},"loc":{"start":{"line":353,"column":47},"end":{"line":375,"column":3}},"line":353},"10":{"name":"(anonymous_10)","decl":{"start":{"line":377,"column":2},"end":{"line":377,"column":3}},"loc":{"start":{"line":377,"column":39},"end":{"line":415,"column":3}},"line":377},"11":{"name":"(anonymous_11)","decl":{"start":{"line":417,"column":2},"end":{"line":417,"column":3}},"loc":{"start":{"line":417,"column":45},"end":{"line":470,"column":3}},"line":417}},"branchMap":{"0":{"loc":{"start":{"line":77,"column":6},"end":{"line":81,"column":7}},"type":"if","locations":[{"start":{"line":77,"column":6},"end":{"line":81,"column":7}},{"start":{},"end":{}}],"line":77},"1":{"loc":{"start":{"line":249,"column":6},"end":{"line":251,"column":7}},"type":"if","locations":[{"start":{"line":249,"column":6},"end":{"line":251,"column":7}},{"start":{},"end":{}}],"line":249},"2":{"loc":{"start":{"line":275,"column":6},"end":{"line":277,"column":7}},"type":"if","locations":[{"start":{"line":275,"column":6},"end":{"line":277,"column":7}},{"start":{},"end":{}}],"line":275},"3":{"loc":{"start":{"line":299,"column":6},"end":{"line":301,"column":7}},"type":"if","locations":[{"start":{"line":299,"column":6},"end":{"line":301,"column":7}},{"start":{},"end":{}}],"line":299},"4":{"loc":{"start":{"line":325,"column":6},"end":{"line":327,"column":7}},"type":"if","locations":[{"start":{"line":325,"column":6},"end":{"line":327,"column":7}},{"start":{},"end":{}}],"line":325},"5":{"loc":{"start":{"line":341,"column":6},"end":{"line":343,"column":7}},"type":"if","locations":[{"start":{"line":341,"column":6},"end":{"line":343,"column":7}},{"start":{},"end":{}}],"line":341},"6":{"loc":{"start":{"line":359,"column":6},"end":{"line":361,"column":7}},"type":"if","locations":[{"start":{"line":359,"column":6},"end":{"line":361,"column":7}},{"start":{},"end":{}}],"line":359},"7":{"loc":{"start":{"line":428,"column":6},"end":{"line":428,"column":74}},"type":"if","locations":[{"start":{"line":428,"column":6},"end":{"line":428,"column":74}},{"start":{},"end":{}}],"line":428}},"s":{"0":6,"1":6,"2":6,"3":6,"4":0,"5":0,"6":0,"7":0,"8":0,"9":0,"10":0,"11":0,"12":2,"13":2,"14":2,"15":2,"16":0,"17":2,"18":0,"19":2,"20":2,"21":2,"22":2,"23":0,"24":2,"25":0,"26":0,"27":0,"28":0,"29":0,"30":0,"31":0,"32":0,"33":0,"34":0,"35":0,"36":0,"37":0,"38":0,"39":0,"40":0,"41":0,"42":0,"43":0,"44":0,"45":0,"46":0,"47":0,"48":0,"49":0,"50":0,"51":0,"52":0,"53":0,"54":0,"55":0,"56":0,"57":0,"58":0,"59":0,"60":0,"61":0,"62":0,"63":0,"64":0,"65":0,"66":0,"67":0,"68":0,"69":0,"70":0,"71":0,"72":0,"73":0,"74":0,"75":0,"76":0,"77":0,"78":0,"79":0,"80":0,"81":0,"82":0,"83":0,"84":0,"85":0,"86":0,"87":0,"88":0,"89":0,"90":0,"91":0,"92":0,"93":0,"94":0,"95":0,"96":0,"97":0,"98":0,"99":0,"100":0,"101":0,"102":0,"103":0,"104":0,"105":0,"106":0,"107":0,"108":0,"109":0,"110":0,"111":0,"112":0,"113":0,"114":0,"115":0,"116":0,"117":0,"118":6},"f":{"0":0,"1":2,"2":2,"3":0,"4":0,"5":0,"6":0,"7":0,"8":0,"9":0,"10":0,"11":0},"b":{"0":[0,2],"1":[0,0],"2":[0,0],"3":[0,0],"4":[0,0],"5":[0,0],"6":[0,0],"7":[0,0]},"_coverageSchema":"1a1c01bbd47fc00a2c39e90264f33305004495a9","hash":"d756ddb33a834caa23e73b0009e85062996006a7"}
,"D:\\hacktiv8\\Phase 3\\Koma\\Server\\controllers\\mainController.js": {"path":"D:\\hacktiv8\\Phase 3\\Koma\\Server\\controllers\\mainController.js","statementMap":{"0":{"start":{"line":1,"column":35},"end":{"line":1,"column":64}},"1":{"start":{"line":2,"column":43},"end":{"line":2,"column":63}},"2":{"start":{"line":4,"column":0},"end":{"line":54,"column":2}},"3":{"start":{"line":6,"column":4},"end":{"line":25,"column":5}},"4":{"start":{"line":7,"column":34},"end":{"line":7,"column":42}},"5":{"start":{"line":8,"column":19},"end":{"line":8,"column":60}},"6":{"start":{"line":9,"column":6},"end":{"line":9,"column":48}},"7":{"start":{"line":9,"column":17},"end":{"line":9,"column":48}},"8":{"start":{"line":10,"column":6},"end":{"line":10,"column":80}},"9":{"start":{"line":10,"column":49},"end":{"line":10,"column":80}},"10":{"start":{"line":11,"column":27},"end":{"line":15,"column":8}},"11":{"start":{"line":16,"column":6},"end":{"line":21,"column":9}},"12":{"start":{"line":23,"column":6},"end":{"line":23,"column":23}},"13":{"start":{"line":24,"column":6},"end":{"line":24,"column":16}},"14":{"start":{"line":29,"column":4},"end":{"line":34,"column":5}},"15":{"start":{"line":30,"column":25},"end":{"line":30,"column":51}},"16":{"start":{"line":31,"column":6},"end":{"line":31,"column":39}},"17":{"start":{"line":33,"column":6},"end":{"line":33,"column":16}},"18":{"start":{"line":38,"column":4},"end":{"line":43,"column":5}},"19":{"start":{"line":39,"column":21},"end":{"line":39,"column":41}},"20":{"start":{"line":40,"column":6},"end":{"line":40,"column":35}},"21":{"start":{"line":42,"column":6},"end":{"line":42,"column":16}},"22":{"start":{"line":47,"column":4},"end":{"line":52,"column":5}},"23":{"start":{"line":48,"column":20},"end":{"line":48,"column":41}},"24":{"start":{"line":49,"column":6},"end":{"line":49,"column":34}},"25":{"start":{"line":51,"column":6},"end":{"line":51,"column":16}}},"fnMap":{"0":{"name":"(anonymous_0)","decl":{"start":{"line":5,"column":2},"end":{"line":5,"column":3}},"loc":{"start":{"line":5,"column":44},"end":{"line":26,"column":3}},"line":5},"1":{"name":"(anonymous_1)","decl":{"start":{"line":28,"column":2},"end":{"line":28,"column":3}},"loc":{"start":{"line":28,"column":45},"end":{"line":35,"column":3}},"line":28},"2":{"name":"(anonymous_2)","decl":{"start":{"line":37,"column":2},"end":{"line":37,"column":3}},"loc":{"start":{"line":37,"column":41},"end":{"line":44,"column":3}},"line":37},"3":{"name":"(anonymous_3)","decl":{"start":{"line":46,"column":2},"end":{"line":46,"column":3}},"loc":{"start":{"line":46,"column":40},"end":{"line":53,"column":3}},"line":46}},"branchMap":{"0":{"loc":{"start":{"line":9,"column":6},"end":{"line":9,"column":48}},"type":"if","locations":[{"start":{"line":9,"column":6},"end":{"line":9,"column":48}},{"start":{},"end":{}}],"line":9},"1":{"loc":{"start":{"line":10,"column":6},"end":{"line":10,"column":80}},"type":"if","locations":[{"start":{"line":10,"column":6},"end":{"line":10,"column":80}},{"start":{},"end":{}}],"line":10}},"s":{"0":6,"1":6,"2":6,"3":0,"4":0,"5":0,"6":0,"7":0,"8":0,"9":0,"10":0,"11":0,"12":0,"13":0,"14":2,"15":2,"16":0,"17":2,"18":2,"19":2,"20":0,"21":2,"22":2,"23":2,"24":0,"25":2},"f":{"0":0,"1":2,"2":2,"3":2},"b":{"0":[0,0],"1":[0,0]},"_coverageSchema":"1a1c01bbd47fc00a2c39e90264f33305004495a9","hash":"0f4165fe020415ee8d0a2c0fe0fd9ef659773035"}
,"D:\\hacktiv8\\Phase 3\\Koma\\Server\\helpers\\helpers.js": {"path":"D:\\hacktiv8\\Phase 3\\Koma\\Server\\helpers\\helpers.js","statementMap":{"0":{"start":{"line":1,"column":12},"end":{"line":1,"column":35}},"1":{"start":{"line":2,"column":15},"end":{"line":2,"column":34}},"2":{"start":{"line":5,"column":2},"end":{"line":5,"column":51}},"3":{"start":{"line":9,"column":2},"end":{"line":9,"column":53}},"4":{"start":{"line":13,"column":2},"end":{"line":13,"column":35}},"5":{"start":{"line":17,"column":2},"end":{"line":17,"column":47}},"6":{"start":{"line":20,"column":0},"end":{"line":25,"column":2}}},"fnMap":{"0":{"name":"signToken","decl":{"start":{"line":4,"column":9},"end":{"line":4,"column":18}},"loc":{"start":{"line":4,"column":28},"end":{"line":6,"column":1}},"line":4},"1":{"name":"verifyToken","decl":{"start":{"line":8,"column":9},"end":{"line":8,"column":20}},"loc":{"start":{"line":8,"column":30},"end":{"line":10,"column":1}},"line":8},"2":{"name":"hashPassword","decl":{"start":{"line":12,"column":9},"end":{"line":12,"column":21}},"loc":{"start":{"line":12,"column":32},"end":{"line":14,"column":1}},"line":12},"3":{"name":"compareHash","decl":{"start":{"line":16,"column":9},"end":{"line":16,"column":20}},"loc":{"start":{"line":16,"column":40},"end":{"line":18,"column":1}},"line":16}},"branchMap":{},"s":{"0":6,"1":6,"2":0,"3":22,"4":3,"5":0,"6":6},"f":{"0":0,"1":22,"2":3,"3":0},"b":{},"_coverageSchema":"1a1c01bbd47fc00a2c39e90264f33305004495a9","hash":"dcc8b9931f2f573ddbb7af2915afda9fb094c5c9"}
,"D:\\hacktiv8\\Phase 3\\Koma\\Server\\middlewares\\authentication.js": {"path":"D:\\hacktiv8\\Phase 3\\Koma\\Server\\middlewares\\authentication.js","statementMap":{"0":{"start":{"line":1,"column":24},"end":{"line":1,"column":53}},"1":{"start":{"line":2,"column":18},"end":{"line":2,"column":39}},"2":{"start":{"line":4,"column":23},"end":{"line":23,"column":1}},"3":{"start":{"line":5,"column":2},"end":{"line":22,"column":3}},"4":{"start":{"line":6,"column":29},"end":{"line":6,"column":40}},"5":{"start":{"line":7,"column":4},"end":{"line":7,"column":61}},"6":{"start":{"line":8,"column":19},"end":{"line":8,"column":44}},"7":{"start":{"line":10,"column":17},"end":{"line":10,"column":72}},"8":{"start":{"line":11,"column":4},"end":{"line":13,"column":5}},"9":{"start":{"line":12,"column":6},"end":{"line":12,"column":37}},"10":{"start":{"line":14,"column":4},"end":{"line":18,"column":6}},"11":{"start":{"line":19,"column":4},"end":{"line":19,"column":11}},"12":{"start":{"line":21,"column":4},"end":{"line":21,"column":14}},"13":{"start":{"line":25,"column":0},"end":{"line":25,"column":32}}},"fnMap":{"0":{"name":"(anonymous_0)","decl":{"start":{"line":4,"column":23},"end":{"line":4,"column":24}},"loc":{"start":{"line":4,"column":49},"end":{"line":23,"column":1}},"line":4}},"branchMap":{"0":{"loc":{"start":{"line":11,"column":4},"end":{"line":13,"column":5}},"type":"if","locations":[{"start":{"line":11,"column":4},"end":{"line":13,"column":5}},{"start":{},"end":{}}],"line":11}},"s":{"0":6,"1":6,"2":6,"3":22,"4":22,"5":22,"6":22,"7":0,"8":0,"9":0,"10":0,"11":0,"12":22,"13":6},"f":{"0":22},"b":{"0":[0,0]},"_coverageSchema":"1a1c01bbd47fc00a2c39e90264f33305004495a9","hash":"bd69c3a3b8fc34ad9a0adacdf28147757277b4f0"}
,"D:\\hacktiv8\\Phase 3\\Koma\\Server\\middlewares\\authorizationOwner.js": {"path":"D:\\hacktiv8\\Phase 3\\Koma\\Server\\middlewares\\authorizationOwner.js","statementMap":{"0":{"start":{"line":1,"column":34},"end":{"line":1,"column":54}},"1":{"start":{"line":3,"column":26},"end":{"line":25,"column":1}},"2":{"start":{"line":4,"column":2},"end":{"line":24,"column":3}},"3":{"start":{"line":5,"column":34},"end":{"line":5,"column":42}},"4":{"start":{"line":6,"column":36},"end":{"line":6,"column":46}},"5":{"start":{"line":8,"column":4},"end":{"line":10,"column":5}},"6":{"start":{"line":9,"column":6},"end":{"line":9,"column":33}},"7":{"start":{"line":12,"column":26},"end":{"line":12,"column":72}},"8":{"start":{"line":14,"column":4},"end":{"line":16,"column":5}},"9":{"start":{"line":15,"column":6},"end":{"line":15,"column":33}},"10":{"start":{"line":17,"column":4},"end":{"line":19,"column":5}},"11":{"start":{"line":18,"column":6},"end":{"line":18,"column":34}},"12":{"start":{"line":21,"column":4},"end":{"line":21,"column":11}},"13":{"start":{"line":23,"column":4},"end":{"line":23,"column":14}},"14":{"start":{"line":27,"column":0},"end":{"line":27,"column":35}}},"fnMap":{"0":{"name":"(anonymous_0)","decl":{"start":{"line":3,"column":26},"end":{"line":3,"column":27}},"loc":{"start":{"line":3,"column":52},"end":{"line":25,"column":1}},"line":3}},"branchMap":{"0":{"loc":{"start":{"line":8,"column":4},"end":{"line":10,"column":5}},"type":"if","locations":[{"start":{"line":8,"column":4},"end":{"line":10,"column":5}},{"start":{},"end":{}}],"line":8},"1":{"loc":{"start":{"line":14,"column":4},"end":{"line":16,"column":5}},"type":"if","locations":[{"start":{"line":14,"column":4},"end":{"line":16,"column":5}},{"start":{},"end":{}}],"line":14},"2":{"loc":{"start":{"line":17,"column":4},"end":{"line":19,"column":5}},"type":"if","locations":[{"start":{"line":17,"column":4},"end":{"line":19,"column":5}},{"start":{},"end":{}}],"line":17},"3":{"loc":{"start":{"line":17,"column":8},"end":{"line":17,"column":60}},"type":"binary-expr","locations":[{"start":{"line":17,"column":8},"end":{"line":17,"column":24}},{"start":{"line":17,"column":28},"end":{"line":17,"column":60}}],"line":17}},"s":{"0":6,"1":6,"2":0,"3":0,"4":0,"5":0,"6":0,"7":0,"8":0,"9":0,"10":0,"11":0,"12":0,"13":0,"14":6},"f":{"0":0},"b":{"0":[0,0],"1":[0,0],"2":[0,0],"3":[0,0]},"_coverageSchema":"1a1c01bbd47fc00a2c39e90264f33305004495a9","hash":"39bf721ab3e7aaea3edbb48af2405a39b37f31c4"}
,"D:\\hacktiv8\\Phase 3\\Koma\\Server\\middlewares\\errorHandlers.js": {"path":"D:\\hacktiv8\\Phase 3\\Koma\\Server\\middlewares\\errorHandlers.js","statementMap":{"0":{"start":{"line":2,"column":2},"end":{"line":2,"column":19}},"1":{"start":{"line":3,"column":2},"end":{"line":24,"column":3}},"2":{"start":{"line":5,"column":6},"end":{"line":5,"column":58}},"3":{"start":{"line":6,"column":6},"end":{"line":6,"column":12}},"4":{"start":{"line":8,"column":6},"end":{"line":8,"column":66}},"5":{"start":{"line":9,"column":6},"end":{"line":9,"column":12}},"6":{"start":{"line":11,"column":6},"end":{"line":11,"column":53}},"7":{"start":{"line":12,"column":6},"end":{"line":12,"column":12}},"8":{"start":{"line":14,"column":19},"end":{"line":14,"column":21}},"9":{"start":{"line":15,"column":6},"end":{"line":15,"column":54}},"10":{"start":{"line":15,"column":29},"end":{"line":15,"column":52}},"11":{"start":{"line":16,"column":6},"end":{"line":16,"column":51}},"12":{"start":{"line":17,"column":6},"end":{"line":17,"column":12}},"13":{"start":{"line":19,"column":6},"end":{"line":19,"column":73}},"14":{"start":{"line":20,"column":6},"end":{"line":20,"column":12}},"15":{"start":{"line":22,"column":6},"end":{"line":22,"column":65}},"16":{"start":{"line":23,"column":6},"end":{"line":23,"column":12}},"17":{"start":{"line":27,"column":0},"end":{"line":27,"column":30}}},"fnMap":{"0":{"name":"errorHandler","decl":{"start":{"line":1,"column":9},"end":{"line":1,"column":21}},"loc":{"start":{"line":1,"column":43},"end":{"line":25,"column":1}},"line":1},"1":{"name":"(anonymous_1)","decl":{"start":{"line":15,"column":21},"end":{"line":15,"column":22}},"loc":{"start":{"line":15,"column":29},"end":{"line":15,"column":52}},"line":15}},"branchMap":{"0":{"loc":{"start":{"line":3,"column":2},"end":{"line":24,"column":3}},"type":"switch","locations":[{"start":{"line":4,"column":4},"end":{"line":6,"column":12}},{"start":{"line":7,"column":4},"end":{"line":9,"column":12}},{"start":{"line":10,"column":4},"end":{"line":12,"column":12}},{"start":{"line":13,"column":4},"end":{"line":17,"column":12}},{"start":{"line":18,"column":4},"end":{"line":20,"column":12}},{"start":{"line":21,"column":4},"end":{"line":23,"column":12}}],"line":3}},"s":{"0":32,"1":32,"2":22,"3":22,"4":0,"5":0,"6":0,"7":0,"8":0,"9":0,"10":0,"11":0,"12":0,"13":0,"14":0,"15":10,"16":10,"17":6},"f":{"0":32,"1":0},"b":{"0":[22,0,0,0,0,10]},"_coverageSchema":"1a1c01bbd47fc00a2c39e90264f33305004495a9","hash":"d6caf72088201a20b3a49009bcec96fc7a486c9c"}
,"D:\\hacktiv8\\Phase 3\\Koma\\Server\\middlewares\\storage.js": {"path":"D:\\hacktiv8\\Phase 3\\Koma\\Server\\middlewares\\storage.js","statementMap":{"0":{"start":{"line":1,"column":15},"end":{"line":1,"column":32}},"1":{"start":{"line":2,"column":13},"end":{"line":2,"column":28}},"2":{"start":{"line":4,"column":16},"end":{"line":17,"column":2}},"3":{"start":{"line":6,"column":4},"end":{"line":6,"column":33}},"4":{"start":{"line":9,"column":4},"end":{"line":15,"column":6}},"5":{"start":{"line":19,"column":15},"end":{"line":19,"column":34}},"6":{"start":{"line":21,"column":0},"end":{"line":21,"column":24}}},"fnMap":{"0":{"name":"(anonymous_0)","decl":{"start":{"line":5,"column":15},"end":{"line":5,"column":16}},"loc":{"start":{"line":5,"column":40},"end":{"line":7,"column":3}},"line":5},"1":{"name":"(anonymous_1)","decl":{"start":{"line":8,"column":12},"end":{"line":8,"column":13}},"loc":{"start":{"line":8,"column":37},"end":{"line":16,"column":3}},"line":8}},"branchMap":{},"s":{"0":6,"1":6,"2":6,"3":0,"4":0,"5":6,"6":6},"f":{"0":0,"1":0},"b":{},"_coverageSchema":"1a1c01bbd47fc00a2c39e90264f33305004495a9","hash":"7c6ce97916a690554bac713f6124dd0b0c11b2e5"}
,"D:\\hacktiv8\\Phase 3\\Koma\\Server\\models\\boardinghousefacilities.js": {"path":"D:\\hacktiv8\\Phase 3\\Koma\\Server\\models\\boardinghousefacilities.js","statementMap":{"0":{"start":{"line":2,"column":18},"end":{"line":2,"column":38}},"1":{"start":{"line":3,"column":0},"end":{"line":21,"column":2}},"2":{"start":{"line":6,"column":6},"end":{"line":6,"column":63}},"3":{"start":{"line":7,"column":6},"end":{"line":7,"column":59}},"4":{"start":{"line":10,"column":2},"end":{"line":19,"column":4}},"5":{"start":{"line":20,"column":2},"end":{"line":20,"column":33}}},"fnMap":{"0":{"name":"(anonymous_0)","decl":{"start":{"line":3,"column":17},"end":{"line":3,"column":18}},"loc":{"start":{"line":3,"column":43},"end":{"line":21,"column":1}},"line":3},"1":{"name":"(anonymous_1)","decl":{"start":{"line":5,"column":4},"end":{"line":5,"column":5}},"loc":{"start":{"line":5,"column":29},"end":{"line":8,"column":5}},"line":5}},"branchMap":{},"s":{"0":6,"1":6,"2":6,"3":6,"4":6,"5":6},"f":{"0":6,"1":6},"b":{},"_coverageSchema":"1a1c01bbd47fc00a2c39e90264f33305004495a9","hash":"c513c3eb557779ef8f71cc7cb59313c3eeafca1b"}
,"D:\\hacktiv8\\Phase 3\\Koma\\Server\\models\\boardinghouserules.js": {"path":"D:\\hacktiv8\\Phase 3\\Koma\\Server\\models\\boardinghouserules.js","statementMap":{"0":{"start":{"line":2,"column":18},"end":{"line":2,"column":38}},"1":{"start":{"line":3,"column":0},"end":{"line":21,"column":2}},"2":{"start":{"line":6,"column":6},"end":{"line":6,"column":49}},"3":{"start":{"line":7,"column":6},"end":{"line":7,"column":58}},"4":{"start":{"line":10,"column":2},"end":{"line":19,"column":4}},"5":{"start":{"line":20,"column":2},"end":{"line":20,"column":28}}},"fnMap":{"0":{"name":"(anonymous_0)","decl":{"start":{"line":3,"column":17},"end":{"line":3,"column":18}},"loc":{"start":{"line":3,"column":43},"end":{"line":21,"column":1}},"line":3},"1":{"name":"(anonymous_1)","decl":{"start":{"line":5,"column":4},"end":{"line":5,"column":5}},"loc":{"start":{"line":5,"column":29},"end":{"line":8,"column":5}},"line":5}},"branchMap":{},"s":{"0":6,"1":6,"2":6,"3":6,"4":6,"5":6},"f":{"0":6,"1":6},"b":{},"_coverageSchema":"1a1c01bbd47fc00a2c39e90264f33305004495a9","hash":"ef1936431c32ddbcb263d8f6ede0e98c1dd870a3"}
,"D:\\hacktiv8\\Phase 3\\Koma\\Server\\models\\boardinghouses.js": {"path":"D:\\hacktiv8\\Phase 3\\Koma\\Server\\models\\boardinghouses.js","statementMap":{"0":{"start":{"line":2,"column":18},"end":{"line":2,"column":38}},"1":{"start":{"line":3,"column":0},"end":{"line":39,"column":2}},"2":{"start":{"line":6,"column":6},"end":{"line":6,"column":45}},"3":{"start":{"line":7,"column":6},"end":{"line":7,"column":50}},"4":{"start":{"line":8,"column":6},"end":{"line":8,"column":44}},"5":{"start":{"line":9,"column":6},"end":{"line":9,"column":47}},"6":{"start":{"line":10,"column":6},"end":{"line":10,"column":44}},"7":{"start":{"line":11,"column":6},"end":{"line":11,"column":61}},"8":{"start":{"line":12,"column":6},"end":{"line":12,"column":56}},"9":{"start":{"line":13,"column":6},"end":{"line":13,"column":47}},"10":{"start":{"line":16,"column":2},"end":{"line":34,"column":4}},"11":{"start":{"line":35,"column":2},"end":{"line":37,"column":5}},"12":{"start":{"line":36,"column":4},"end":{"line":36,"column":69}},"13":{"start":{"line":38,"column":2},"end":{"line":38,"column":24}}},"fnMap":{"0":{"name":"(anonymous_0)","decl":{"start":{"line":3,"column":17},"end":{"line":3,"column":18}},"loc":{"start":{"line":3,"column":43},"end":{"line":39,"column":1}},"line":3},"1":{"name":"(anonymous_1)","decl":{"start":{"line":5,"column":4},"end":{"line":5,"column":5}},"loc":{"start":{"line":5,"column":29},"end":{"line":14,"column":5}},"line":5},"2":{"name":"(anonymous_2)","decl":{"start":{"line":35,"column":30},"end":{"line":35,"column":31}},"loc":{"start":{"line":35,"column":52},"end":{"line":37,"column":3}},"line":35}},"branchMap":{},"s":{"0":6,"1":6,"2":6,"3":6,"4":6,"5":6,"6":6,"7":6,"8":6,"9":6,"10":6,"11":6,"12":0,"13":6},"f":{"0":6,"1":6,"2":0},"b":{},"_coverageSchema":"1a1c01bbd47fc00a2c39e90264f33305004495a9","hash":"a47a998b01c68383d8ac85933f454287e7ca7686"}
,"D:\\hacktiv8\\Phase 3\\Koma\\Server\\models\\bookmarks.js": {"path":"D:\\hacktiv8\\Phase 3\\Koma\\Server\\models\\bookmarks.js","statementMap":{"0":{"start":{"line":2,"column":18},"end":{"line":2,"column":38}},"1":{"start":{"line":3,"column":0},"end":{"line":20,"column":2}},"2":{"start":{"line":6,"column":6},"end":{"line":6,"column":49}},"3":{"start":{"line":9,"column":2},"end":{"line":18,"column":4}},"4":{"start":{"line":19,"column":2},"end":{"line":19,"column":19}}},"fnMap":{"0":{"name":"(anonymous_0)","decl":{"start":{"line":3,"column":17},"end":{"line":3,"column":18}},"loc":{"start":{"line":3,"column":43},"end":{"line":20,"column":1}},"line":3},"1":{"name":"(anonymous_1)","decl":{"start":{"line":5,"column":4},"end":{"line":5,"column":5}},"loc":{"start":{"line":5,"column":29},"end":{"line":7,"column":5}},"line":5}},"branchMap":{},"s":{"0":6,"1":6,"2":6,"3":6,"4":6},"f":{"0":6,"1":6},"b":{},"_coverageSchema":"1a1c01bbd47fc00a2c39e90264f33305004495a9","hash":"e6f7d11551c98ce309bdcd65bbe6ee96781b171c"}
,"D:\\hacktiv8\\Phase 3\\Koma\\Server\\models\\categories.js": {"path":"D:\\hacktiv8\\Phase 3\\Koma\\Server\\models\\categories.js","statementMap":{"0":{"start":{"line":2,"column":18},"end":{"line":2,"column":38}},"1":{"start":{"line":3,"column":0},"end":{"line":19,"column":2}},"2":{"start":{"line":6,"column":6},"end":{"line":6,"column":48}},"3":{"start":{"line":9,"column":2},"end":{"line":17,"column":4}},"4":{"start":{"line":18,"column":2},"end":{"line":18,"column":20}}},"fnMap":{"0":{"name":"(anonymous_0)","decl":{"start":{"line":3,"column":17},"end":{"line":3,"column":18}},"loc":{"start":{"line":3,"column":43},"end":{"line":19,"column":1}},"line":3},"1":{"name":"(anonymous_1)","decl":{"start":{"line":5,"column":4},"end":{"line":5,"column":5}},"loc":{"start":{"line":5,"column":29},"end":{"line":7,"column":5}},"line":5}},"branchMap":{},"s":{"0":6,"1":6,"2":6,"3":6,"4":6},"f":{"0":6,"1":6},"b":{},"_coverageSchema":"1a1c01bbd47fc00a2c39e90264f33305004495a9","hash":"3fd9c24b845aa390b13ad0ab0e56c7b69b71d893"}
,"D:\\hacktiv8\\Phase 3\\Koma\\Server\\models\\city.js": {"path":"D:\\hacktiv8\\Phase 3\\Koma\\Server\\models\\city.js","statementMap":{"0":{"start":{"line":2,"column":18},"end":{"line":2,"column":38}},"1":{"start":{"line":3,"column":0},"end":{"line":19,"column":2}},"2":{"start":{"line":6,"column":6},"end":{"line":6,"column":42}},"3":{"start":{"line":9,"column":2},"end":{"line":17,"column":4}},"4":{"start":{"line":18,"column":2},"end":{"line":18,"column":14}}},"fnMap":{"0":{"name":"(anonymous_0)","decl":{"start":{"line":3,"column":17},"end":{"line":3,"column":18}},"loc":{"start":{"line":3,"column":43},"end":{"line":19,"column":1}},"line":3},"1":{"name":"(anonymous_1)","decl":{"start":{"line":5,"column":4},"end":{"line":5,"column":5}},"loc":{"start":{"line":5,"column":29},"end":{"line":7,"column":5}},"line":5}},"branchMap":{},"s":{"0":6,"1":6,"2":6,"3":6,"4":6},"f":{"0":6,"1":6},"b":{},"_coverageSchema":"1a1c01bbd47fc00a2c39e90264f33305004495a9","hash":"75575b22f065bf24ff85772e7eeccffb59da30bc"}
,"D:\\hacktiv8\\Phase 3\\Koma\\Server\\models\\facilities.js": {"path":"D:\\hacktiv8\\Phase 3\\Koma\\Server\\models\\facilities.js","statementMap":{"0":{"start":{"line":2,"column":18},"end":{"line":2,"column":38}},"1":{"start":{"line":3,"column":0},"end":{"line":19,"column":2}},"2":{"start":{"line":6,"column":6},"end":{"line":6,"column":56}},"3":{"start":{"line":9,"column":2},"end":{"line":17,"column":4}},"4":{"start":{"line":18,"column":2},"end":{"line":18,"column":20}}},"fnMap":{"0":{"name":"(anonymous_0)","decl":{"start":{"line":3,"column":17},"end":{"line":3,"column":18}},"loc":{"start":{"line":3,"column":43},"end":{"line":19,"column":1}},"line":3},"1":{"name":"(anonymous_1)","decl":{"start":{"line":5,"column":4},"end":{"line":5,"column":5}},"loc":{"start":{"line":5,"column":29},"end":{"line":7,"column":5}},"line":5}},"branchMap":{},"s":{"0":6,"1":6,"2":6,"3":6,"4":6},"f":{"0":6,"1":6},"b":{},"_coverageSchema":"1a1c01bbd47fc00a2c39e90264f33305004495a9","hash":"9704301bbed78b397ce0e43889225f50c0ff2ed0"}
,"D:\\hacktiv8\\Phase 3\\Koma\\Server\\models\\images.js": {"path":"D:\\hacktiv8\\Phase 3\\Koma\\Server\\models\\images.js","statementMap":{"0":{"start":{"line":2,"column":18},"end":{"line":2,"column":38}},"1":{"start":{"line":3,"column":0},"end":{"line":20,"column":2}},"2":{"start":{"line":6,"column":6},"end":{"line":6,"column":46}},"3":{"start":{"line":9,"column":2},"end":{"line":18,"column":4}},"4":{"start":{"line":19,"column":2},"end":{"line":19,"column":16}}},"fnMap":{"0":{"name":"(anonymous_0)","decl":{"start":{"line":3,"column":17},"end":{"line":3,"column":18}},"loc":{"start":{"line":3,"column":43},"end":{"line":20,"column":1}},"line":3},"1":{"name":"(anonymous_1)","decl":{"start":{"line":5,"column":4},"end":{"line":5,"column":5}},"loc":{"start":{"line":5,"column":29},"end":{"line":7,"column":5}},"line":5}},"branchMap":{},"s":{"0":6,"1":6,"2":6,"3":6,"4":6},"f":{"0":6,"1":6},"b":{},"_coverageSchema":"1a1c01bbd47fc00a2c39e90264f33305004495a9","hash":"4ebadd853d40e1b172e18437bafe9d4077d79911"}
,"D:\\hacktiv8\\Phase 3\\Koma\\Server\\models\\index.js": {"path":"D:\\hacktiv8\\Phase 3\\Koma\\Server\\models\\index.js","statementMap":{"0":{"start":{"line":3,"column":11},"end":{"line":3,"column":24}},"1":{"start":{"line":4,"column":13},"end":{"line":4,"column":28}},"2":{"start":{"line":5,"column":18},"end":{"line":5,"column":38}},"3":{"start":{"line":6,"column":17},"end":{"line":6,"column":42}},"4":{"start":{"line":7,"column":12},"end":{"line":7,"column":49}},"5":{"start":{"line":8,"column":15},"end":{"line":8,"column":65}},"6":{"start":{"line":9,"column":11},"end":{"line":9,"column":13}},"7":{"start":{"line":12,"column":0},"end":{"line":16,"column":1}},"8":{"start":{"line":13,"column":2},"end":{"line":13,"column":74}},"9":{"start":{"line":15,"column":2},"end":{"line":15,"column":87}},"10":{"start":{"line":18,"column":0},"end":{"line":26,"column":5}},"11":{"start":{"line":21,"column":4},"end":{"line":21,"column":90}},"12":{"start":{"line":24,"column":18},"end":{"line":24,"column":85}},"13":{"start":{"line":25,"column":4},"end":{"line":25,"column":27}},"14":{"start":{"line":28,"column":0},"end":{"line":32,"column":3}},"15":{"start":{"line":29,"column":2},"end":{"line":31,"column":3}},"16":{"start":{"line":30,"column":4},"end":{"line":30,"column":32}},"17":{"start":{"line":34,"column":0},"end":{"line":34,"column":25}},"18":{"start":{"line":35,"column":0},"end":{"line":35,"column":25}},"19":{"start":{"line":37,"column":0},"end":{"line":37,"column":20}}},"fnMap":{"0":{"name":"(anonymous_0)","decl":{"start":{"line":20,"column":10},"end":{"line":20,"column":11}},"loc":{"start":{"line":20,"column":18},"end":{"line":22,"column":3}},"line":20},"1":{"name":"(anonymous_1)","decl":{"start":{"line":23,"column":11},"end":{"line":23,"column":12}},"loc":{"start":{"line":23,"column":19},"end":{"line":26,"column":3}},"line":23},"2":{"name":"(anonymous_2)","decl":{"start":{"line":28,"column":24},"end":{"line":28,"column":25}},"loc":{"start":{"line":28,"column":37},"end":{"line":32,"column":1}},"line":28}},"branchMap":{"0":{"loc":{"start":{"line":7,"column":12},"end":{"line":7,"column":49}},"type":"binary-expr","locations":[{"start":{"line":7,"column":12},"end":{"line":7,"column":32}},{"start":{"line":7,"column":36},"end":{"line":7,"column":49}}],"line":7},"1":{"loc":{"start":{"line":12,"column":0},"end":{"line":16,"column":1}},"type":"if","locations":[{"start":{"line":12,"column":0},"end":{"line":16,"column":1}},{"start":{"line":14,"column":7},"end":{"line":16,"column":1}}],"line":12},"2":{"loc":{"start":{"line":21,"column":11},"end":{"line":21,"column":89}},"type":"binary-expr","locations":[{"start":{"line":21,"column":12},"end":{"line":21,"column":35}},{"start":{"line":21,"column":41},"end":{"line":21,"column":58}},{"start":{"line":21,"column":64},"end":{"line":21,"column":88}}],"line":21},"3":{"loc":{"start":{"line":29,"column":2},"end":{"line":31,"column":3}},"type":"if","locations":[{"start":{"line":29,"column":2},"end":{"line":31,"column":3}},{"start":{},"end":{}}],"line":29}},"s":{"0":6,"1":6,"2":6,"3":6,"4":6,"5":6,"6":6,"7":6,"8":0,"9":6,"10":6,"11":72,"12":66,"13":66,"14":6,"15":66,"16":66,"17":6,"18":6,"19":6},"f":{"0":72,"1":66,"2":66},"b":{"0":[6,0],"1":[0,6],"2":[72,72,66],"3":[66,0]},"_coverageSchema":"1a1c01bbd47fc00a2c39e90264f33305004495a9","hash":"f797ba50a9a625081318ccf1eff93c5841f9ea55"}
,"D:\\hacktiv8\\Phase 3\\Koma\\Server\\models\\mybooking.js": {"path":"D:\\hacktiv8\\Phase 3\\Koma\\Server\\models\\mybooking.js","statementMap":{"0":{"start":{"line":2,"column":18},"end":{"line":2,"column":38}},"1":{"start":{"line":3,"column":0},"end":{"line":23,"column":2}},"2":{"start":{"line":6,"column":6},"end":{"line":6,"column":49}},"3":{"start":{"line":7,"column":6},"end":{"line":7,"column":40}},"4":{"start":{"line":10,"column":2},"end":{"line":21,"column":4}},"5":{"start":{"line":22,"column":2},"end":{"line":22,"column":19}}},"fnMap":{"0":{"name":"(anonymous_0)","decl":{"start":{"line":3,"column":17},"end":{"line":3,"column":18}},"loc":{"start":{"line":3,"column":43},"end":{"line":23,"column":1}},"line":3},"1":{"name":"(anonymous_1)","decl":{"start":{"line":5,"column":4},"end":{"line":5,"column":5}},"loc":{"start":{"line":5,"column":29},"end":{"line":8,"column":5}},"line":5}},"branchMap":{},"s":{"0":6,"1":6,"2":6,"3":6,"4":6,"5":6},"f":{"0":6,"1":6},"b":{},"_coverageSchema":"1a1c01bbd47fc00a2c39e90264f33305004495a9","hash":"4c25f1e3f830f194f2597f9ecef3711c6d3a4fcc"}
,"D:\\hacktiv8\\Phase 3\\Koma\\Server\\models\\rules.js": {"path":"D:\\hacktiv8\\Phase 3\\Koma\\Server\\models\\rules.js","statementMap":{"0":{"start":{"line":2,"column":18},"end":{"line":2,"column":38}},"1":{"start":{"line":3,"column":0},"end":{"line":19,"column":2}},"2":{"start":{"line":6,"column":6},"end":{"line":6,"column":46}},"3":{"start":{"line":9,"column":2},"end":{"line":17,"column":4}},"4":{"start":{"line":18,"column":2},"end":{"line":18,"column":15}}},"fnMap":{"0":{"name":"(anonymous_0)","decl":{"start":{"line":3,"column":17},"end":{"line":3,"column":18}},"loc":{"start":{"line":3,"column":43},"end":{"line":19,"column":1}},"line":3},"1":{"name":"(anonymous_1)","decl":{"start":{"line":5,"column":4},"end":{"line":5,"column":5}},"loc":{"start":{"line":5,"column":29},"end":{"line":7,"column":5}},"line":5}},"branchMap":{},"s":{"0":6,"1":6,"2":6,"3":6,"4":6},"f":{"0":6,"1":6},"b":{},"_coverageSchema":"1a1c01bbd47fc00a2c39e90264f33305004495a9","hash":"e9e56d122031199b5520392fd0ab938f4500a8a3"}
,"D:\\hacktiv8\\Phase 3\\Koma\\Server\\models\\users.js": {"path":"D:\\hacktiv8\\Phase 3\\Koma\\Server\\models\\users.js","statementMap":{"0":{"start":{"line":2,"column":18},"end":{"line":2,"column":38}},"1":{"start":{"line":3,"column":25},"end":{"line":3,"column":54}},"2":{"start":{"line":4,"column":0},"end":{"line":50,"column":2}},"3":{"start":{"line":7,"column":6},"end":{"line":7,"column":43}},"4":{"start":{"line":8,"column":6},"end":{"line":8,"column":38}},"5":{"start":{"line":9,"column":6},"end":{"line":9,"column":37}},"6":{"start":{"line":12,"column":2},"end":{"line":45,"column":4}},"7":{"start":{"line":46,"column":2},"end":{"line":48,"column":5}},"8":{"start":{"line":47,"column":4},"end":{"line":47,"column":56}},"9":{"start":{"line":49,"column":2},"end":{"line":49,"column":15}}},"fnMap":{"0":{"name":"(anonymous_0)","decl":{"start":{"line":4,"column":17},"end":{"line":4,"column":18}},"loc":{"start":{"line":4,"column":43},"end":{"line":50,"column":1}},"line":4},"1":{"name":"(anonymous_1)","decl":{"start":{"line":6,"column":4},"end":{"line":6,"column":5}},"loc":{"start":{"line":6,"column":29},"end":{"line":10,"column":5}},"line":6},"2":{"name":"(anonymous_2)","decl":{"start":{"line":46,"column":21},"end":{"line":46,"column":22}},"loc":{"start":{"line":46,"column":43},"end":{"line":48,"column":3}},"line":46}},"branchMap":{},"s":{"0":6,"1":6,"2":6,"3":6,"4":6,"5":6,"6":6,"7":6,"8":3,"9":6},"f":{"0":6,"1":6,"2":3},"b":{},"_coverageSchema":"1a1c01bbd47fc00a2c39e90264f33305004495a9","hash":"b9004dffdd6fdd68b084c493cc62a4cada6a5de2"}
,"D:\\hacktiv8\\Phase 3\\Koma\\Server\\router\\admin.js": {"path":"D:\\hacktiv8\\Phase 3\\Koma\\Server\\router\\admin.js","statementMap":{"0":{"start":{"line":1,"column":15},"end":{"line":1,"column":42}},"1":{"start":{"line":2,"column":24},"end":{"line":2,"column":65}},"2":{"start":{"line":3,"column":23},"end":{"line":3,"column":63}},"3":{"start":{"line":5,"column":0},"end":{"line":5,"column":74}},"4":{"start":{"line":6,"column":0},"end":{"line":10,"column":2}},"5":{"start":{"line":12,"column":0},"end":{"line":12,"column":24}}},"fnMap":{},"branchMap":{},"s":{"0":6,"1":6,"2":6,"3":6,"4":6,"5":6},"f":{},"b":{},"_coverageSchema":"1a1c01bbd47fc00a2c39e90264f33305004495a9","hash":"5c8c0c36cf286ee026750ddfd945bfd10ba65e20"}
,"D:\\hacktiv8\\Phase 3\\Koma\\Server\\router\\index.js": {"path":"D:\\hacktiv8\\Phase 3\\Koma\\Server\\router\\index.js","statementMap":{"0":{"start":{"line":1,"column":15},"end":{"line":1,"column":42}},"1":{"start":{"line":2,"column":21},"end":{"line":2,"column":46}},"2":{"start":{"line":3,"column":14},"end":{"line":3,"column":32}},"3":{"start":{"line":4,"column":23},"end":{"line":4,"column":63}},"4":{"start":{"line":5,"column":14},"end":{"line":5,"column":32}},"5":{"start":{"line":7,"column":0},"end":{"line":7,"column":51}},"6":{"start":{"line":8,"column":0},"end":{"line":8,"column":56}},"7":{"start":{"line":9,"column":0},"end":{"line":9,"column":46}},"8":{"start":{"line":10,"column":0},"end":{"line":10,"column":48}},"9":{"start":{"line":11,"column":0},"end":{"line":11,"column":28}},"10":{"start":{"line":12,"column":0},"end":{"line":12,"column":34}},"11":{"start":{"line":13,"column":0},"end":{"line":13,"column":28}},"12":{"start":{"line":15,"column":0},"end":{"line":15,"column":24}}},"fnMap":{},"branchMap":{},"s":{"0":6,"1":6,"2":6,"3":6,"4":6,"5":6,"6":6,"7":6,"8":6,"9":6,"10":6,"11":6,"12":6},"f":{},"b":{},"_coverageSchema":"1a1c01bbd47fc00a2c39e90264f33305004495a9","hash":"4fe4676231af558bfefbe1523d00ca34adaf1ab8"}
,"D:\\hacktiv8\\Phase 3\\Koma\\Server\\router\\owner.js": {"path":"D:\\hacktiv8\\Phase 3\\Koma\\Server\\router\\owner.js","statementMap":{"0":{"start":{"line":1,"column":15},"end":{"line":1,"column":42}},"1":{"start":{"line":2,"column":23},"end":{"line":2,"column":63}},"2":{"start":{"line":3,"column":24},"end":{"line":3,"column":65}},"3":{"start":{"line":4,"column":27},"end":{"line":4,"column":71}},"4":{"start":{"line":5,"column":15},"end":{"line":5,"column":48}},"5":{"start":{"line":7,"column":0},"end":{"line":7,"column":58}},"6":{"start":{"line":9,"column":0},"end":{"line":13,"column":2}},"7":{"start":{"line":15,"column":0},"end":{"line":19,"column":2}},"8":{"start":{"line":20,"column":0},"end":{"line":20,"column":80}},"9":{"start":{"line":22,"column":0},"end":{"line":26,"column":2}},"10":{"start":{"line":28,"column":0},"end":{"line":33,"column":2}},"11":{"start":{"line":35,"column":0},"end":{"line":35,"column":77}},"12":{"start":{"line":36,"column":0},"end":{"line":40,"column":2}},"13":{"start":{"line":42,"column":0},"end":{"line":42,"column":76}},"14":{"start":{"line":44,"column":0},"end":{"line":44,"column":24}}},"fnMap":{},"branchMap":{},"s":{"0":6,"1":6,"2":6,"3":6,"4":6,"5":6,"6":6,"7":6,"8":6,"9":6,"10":6,"11":6,"12":6,"13":6,"14":6},"f":{},"b":{},"_coverageSchema":"1a1c01bbd47fc00a2c39e90264f33305004495a9","hash":"7ceeb6b25466716588a3b3b0b000ddecd1997830"}
,"D:\\hacktiv8\\Phase 3\\Koma\\Server\\router\\routerClient.js": {"path":"D:\\hacktiv8\\Phase 3\\Koma\\Server\\router\\routerClient.js","statementMap":{"0":{"start":{"line":1,"column":15},"end":{"line":1,"column":42}},"1":{"start":{"line":2,"column":25},"end":{"line":2,"column":67}},"2":{"start":{"line":3,"column":23},"end":{"line":3,"column":63}},"3":{"start":{"line":5,"column":0},"end":{"line":5,"column":58}},"4":{"start":{"line":7,"column":0},"end":{"line":7,"column":63}},"5":{"start":{"line":8,"column":0},"end":{"line":8,"column":66}},"6":{"start":{"line":10,"column":0},"end":{"line":10,"column":71}},"7":{"start":{"line":11,"column":0},"end":{"line":11,"column":69}},"8":{"start":{"line":12,"column":0},"end":{"line":12,"column":68}},"9":{"start":{"line":13,"column":0},"end":{"line":13,"column":69}},"10":{"start":{"line":14,"column":0},"end":{"line":18,"column":2}},"11":{"start":{"line":20,"column":0},"end":{"line":24,"column":2}},"12":{"start":{"line":25,"column":0},"end":{"line":29,"column":2}},"13":{"start":{"line":31,"column":0},"end":{"line":31,"column":78}},"14":{"start":{"line":32,"column":0},"end":{"line":32,"column":80}},"15":{"start":{"line":34,"column":0},"end":{"line":34,"column":24}}},"fnMap":{},"branchMap":{},"s":{"0":6,"1":6,"2":6,"3":6,"4":6,"5":6,"6":6,"7":6,"8":6,"9":6,"10":6,"11":6,"12":6,"13":6,"14":6,"15":6},"f":{},"b":{},"_coverageSchema":"1a1c01bbd47fc00a2c39e90264f33305004495a9","hash":"59712df2fdb139b0906c10b2e194d77e0aebb578"}
}
