{"F:\\BckupDara\\ChalngeHacktiv8\\FolderPhase Ulang\\Koma\\Server\\app.js": {"path":"F:\\BckupDara\\ChalngeHacktiv8\\FolderPhase Ulang\\Koma\\Server\\app.js","statementMap":{"0":{"start":{"line":1,"column":0},"end":{"line":3,"column":1}},"1":{"start":{"line":2,"column":2},"end":{"line":2,"column":29}},"2":{"start":{"line":4,"column":16},"end":{"line":4,"column":34}},"3":{"start":{"line":5,"column":12},"end":{"line":5,"column":21}},"4":{"start":{"line":6,"column":13},"end":{"line":6,"column":37}},"5":{"start":{"line":7,"column":13},"end":{"line":7,"column":28}},"6":{"start":{"line":8,"column":15},"end":{"line":8,"column":34}},"7":{"start":{"line":9,"column":21},"end":{"line":9,"column":59}},"8":{"start":{"line":10,"column":13},"end":{"line":10,"column":28}},"9":{"start":{"line":12,"column":0},"end":{"line":12,"column":16}},"10":{"start":{"line":13,"column":0},"end":{"line":13,"column":49}},"11":{"start":{"line":14,"column":0},"end":{"line":14,"column":24}},"12":{"start":{"line":15,"column":0},"end":{"line":15,"column":56}},"13":{"start":{"line":17,"column":0},"end":{"line":17,"column":16}},"14":{"start":{"line":18,"column":0},"end":{"line":18,"column":22}},"15":{"start":{"line":20,"column":0},"end":{"line":20,"column":21}}},"fnMap":{},"branchMap":{"0":{"loc":{"start":{"line":1,"column":0},"end":{"line":3,"column":1}},"type":"if","locations":[{"start":{"line":1,"column":0},"end":{"line":3,"column":1}},{"start":{},"end":{}}],"line":1},"1":{"loc":{"start":{"line":6,"column":13},"end":{"line":6,"column":37}},"type":"binary-expr","locations":[{"start":{"line":6,"column":13},"end":{"line":6,"column":29}},{"start":{"line":6,"column":33},"end":{"line":6,"column":37}}],"line":6}},"s":{"0":7,"1":7,"2":7,"3":7,"4":7,"5":7,"6":7,"7":7,"8":7,"9":7,"10":7,"11":7,"12":7,"13":7,"14":7,"15":7},"f":{},"b":{"0":[7,0],"1":[7,7]},"_coverageSchema":"1a1c01bbd47fc00a2c39e90264f33305004495a9","hash":"7d8790d43242686af63d3a2e11f46c5ac452f2e0"}
,"F:\\BckupDara\\ChalngeHacktiv8\\FolderPhase Ulang\\Koma\\Server\\controllers\\OwnerController.js": {"path":"F:\\BckupDara\\ChalngeHacktiv8\\FolderPhase Ulang\\Koma\\Server\\controllers\\OwnerController.js","statementMap":{"0":{"start":{"line":13,"column":4},"end":{"line":13,"column":24}},"1":{"start":{"line":14,"column":25},"end":{"line":17,"column":2}},"2":{"start":{"line":19,"column":0},"end":{"line":305,"column":2}},"3":{"start":{"line":21,"column":4},"end":{"line":38,"column":5}},"4":{"start":{"line":22,"column":66},"end":{"line":22,"column":74}},"5":{"start":{"line":23,"column":19},"end":{"line":23,"column":26}},"6":{"start":{"line":24,"column":22},"end":{"line":31,"column":8}},"7":{"start":{"line":32,"column":6},"end":{"line":34,"column":9}},"8":{"start":{"line":36,"column":6},"end":{"line":36,"column":23}},"9":{"start":{"line":37,"column":6},"end":{"line":37,"column":16}},"10":{"start":{"line":42,"column":4},"end":{"line":52,"column":5}},"11":{"start":{"line":43,"column":29},"end":{"line":47,"column":8}},"12":{"start":{"line":48,"column":6},"end":{"line":48,"column":43}},"13":{"start":{"line":50,"column":6},"end":{"line":50,"column":23}},"14":{"start":{"line":51,"column":6},"end":{"line":51,"column":16}},"15":{"start":{"line":56,"column":4},"end":{"line":76,"column":5}},"16":{"start":{"line":57,"column":29},"end":{"line":72,"column":8}},"17":{"start":{"line":73,"column":6},"end":{"line":73,"column":43}},"18":{"start":{"line":75,"column":6},"end":{"line":75,"column":16}},"19":{"start":{"line":80,"column":14},"end":{"line":80,"column":43}},"20":{"start":{"line":81,"column":4},"end":{"line":145,"column":5}},"21":{"start":{"line":94,"column":10},"end":{"line":94,"column":18}},"22":{"start":{"line":96,"column":6},"end":{"line":96,"column":28}},"23":{"start":{"line":98,"column":20},"end":{"line":98,"column":22}},"24":{"start":{"line":99,"column":23},"end":{"line":103,"column":20}},"25":{"start":{"line":109,"column":6},"end":{"line":109,"column":42}},"26":{"start":{"line":110,"column":31},"end":{"line":124,"column":7}},"27":{"start":{"line":125,"column":20},"end":{"line":127,"column":8}},"28":{"start":{"line":126,"column":8},"end":{"line":126,"column":73}},"29":{"start":{"line":128,"column":6},"end":{"line":128,"column":69}},"30":{"start":{"line":133,"column":25},"end":{"line":135,"column":8}},"31":{"start":{"line":134,"column":8},"end":{"line":134,"column":75}},"32":{"start":{"line":136,"column":6},"end":{"line":136,"column":79}},"33":{"start":{"line":137,"column":6},"end":{"line":137,"column":23}},"34":{"start":{"line":138,"column":6},"end":{"line":140,"column":79}},"35":{"start":{"line":142,"column":6},"end":{"line":142,"column":23}},"36":{"start":{"line":143,"column":6},"end":{"line":143,"column":25}},"37":{"start":{"line":144,"column":6},"end":{"line":144,"column":16}},"38":{"start":{"line":149,"column":14},"end":{"line":149,"column":43}},"39":{"start":{"line":150,"column":4},"end":{"line":226,"column":5}},"40":{"start":{"line":151,"column":21},"end":{"line":151,"column":31}},"41":{"start":{"line":164,"column":10},"end":{"line":164,"column":18}},"42":{"start":{"line":165,"column":6},"end":{"line":165,"column":30}},"43":{"start":{"line":166,"column":6},"end":{"line":166,"column":35}},"44":{"start":{"line":168,"column":20},"end":{"line":168,"column":22}},"45":{"start":{"line":169,"column":23},"end":{"line":173,"column":20}},"46":{"start":{"line":174,"column":16},"end":{"line":174,"column":37}},"47":{"start":{"line":175,"column":6},"end":{"line":178,"column":7}},"48":{"start":{"line":175,"column":19},"end":{"line":175,"column":20}},"49":{"start":{"line":176,"column":18},"end":{"line":176,"column":24}},"50":{"start":{"line":177,"column":8},"end":{"line":177,"column":79}},"51":{"start":{"line":179,"column":28},"end":{"line":193,"column":7}},"52":{"start":{"line":194,"column":6},"end":{"line":194,"column":57}},"53":{"start":{"line":194,"column":30},"end":{"line":194,"column":57}},"54":{"start":{"line":195,"column":20},"end":{"line":197,"column":8}},"55":{"start":{"line":196,"column":8},"end":{"line":196,"column":60}},"56":{"start":{"line":198,"column":6},"end":{"line":201,"column":9}},"57":{"start":{"line":202,"column":6},"end":{"line":202,"column":69}},"58":{"start":{"line":210,"column":25},"end":{"line":212,"column":8}},"59":{"start":{"line":211,"column":8},"end":{"line":211,"column":66}},"60":{"start":{"line":213,"column":6},"end":{"line":215,"column":9}},"61":{"start":{"line":217,"column":6},"end":{"line":217,"column":79}},"62":{"start":{"line":218,"column":6},"end":{"line":218,"column":23}},"63":{"start":{"line":219,"column":6},"end":{"line":221,"column":68}},"64":{"start":{"line":223,"column":6},"end":{"line":223,"column":59}},"65":{"start":{"line":224,"column":6},"end":{"line":224,"column":25}},"66":{"start":{"line":225,"column":6},"end":{"line":225,"column":16}},"67":{"start":{"line":230,"column":4},"end":{"line":239,"column":5}},"68":{"start":{"line":231,"column":21},"end":{"line":231,"column":31}},"69":{"start":{"line":232,"column":6},"end":{"line":232,"column":49}},"70":{"start":{"line":233,"column":25},"end":{"line":233,"column":58}},"71":{"start":{"line":234,"column":6},"end":{"line":234,"column":50}},"72":{"start":{"line":234,"column":23},"end":{"line":234,"column":50}},"73":{"start":{"line":235,"column":6},"end":{"line":235,"column":54}},"74":{"start":{"line":236,"column":6},"end":{"line":236,"column":68}},"75":{"start":{"line":238,"column":6},"end":{"line":238,"column":16}},"76":{"start":{"line":244,"column":4},"end":{"line":244,"column":34}},"77":{"start":{"line":246,"column":6},"end":{"line":246,"column":78}},"78":{"start":{"line":247,"column":4},"end":{"line":247,"column":51}},"79":{"start":{"line":251,"column":4},"end":{"line":281,"column":5}},"80":{"start":{"line":252,"column":21},"end":{"line":252,"column":31}},"81":{"start":{"line":254,"column":25},"end":{"line":276,"column":8}},"82":{"start":{"line":278,"column":6},"end":{"line":278,"column":39}},"83":{"start":{"line":280,"column":6},"end":{"line":280,"column":16}},"84":{"start":{"line":285,"column":4},"end":{"line":303,"column":5}},"85":{"start":{"line":286,"column":29},"end":{"line":286,"column":39}},"86":{"start":{"line":288,"column":28},"end":{"line":288,"column":56}},"87":{"start":{"line":290,"column":6},"end":{"line":292,"column":7}},"88":{"start":{"line":291,"column":8},"end":{"line":291,"column":35}},"89":{"start":{"line":294,"column":26},"end":{"line":298,"column":8}},"90":{"start":{"line":300,"column":6},"end":{"line":300,"column":65}},"91":{"start":{"line":302,"column":6},"end":{"line":302,"column":16}}},"fnMap":{"0":{"name":"(anonymous_0)","decl":{"start":{"line":20,"column":2},"end":{"line":20,"column":3}},"loc":{"start":{"line":20,"column":47},"end":{"line":39,"column":3}},"line":20},"1":{"name":"(anonymous_1)","decl":{"start":{"line":41,"column":2},"end":{"line":41,"column":3}},"loc":{"start":{"line":41,"column":49},"end":{"line":53,"column":3}},"line":41},"2":{"name":"(anonymous_2)","decl":{"start":{"line":55,"column":2},"end":{"line":55,"column":3}},"loc":{"start":{"line":55,"column":53},"end":{"line":77,"column":3}},"line":55},"3":{"name":"(anonymous_3)","decl":{"start":{"line":79,"column":2},"end":{"line":79,"column":3}},"loc":{"start":{"line":79,"column":48},"end":{"line":146,"column":3}},"line":79},"4":{"name":"(anonymous_4)","decl":{"start":{"line":125,"column":35},"end":{"line":125,"column":36}},"loc":{"start":{"line":125,"column":45},"end":{"line":127,"column":7}},"line":125},"5":{"name":"(anonymous_5)","decl":{"start":{"line":133,"column":45},"end":{"line":133,"column":46}},"loc":{"start":{"line":133,"column":53},"end":{"line":135,"column":7}},"line":133},"6":{"name":"(anonymous_6)","decl":{"start":{"line":148,"column":2},"end":{"line":148,"column":3}},"loc":{"start":{"line":148,"column":51},"end":{"line":227,"column":3}},"line":148},"7":{"name":"(anonymous_7)","decl":{"start":{"line":195,"column":35},"end":{"line":195,"column":36}},"loc":{"start":{"line":195,"column":45},"end":{"line":197,"column":7}},"line":195},"8":{"name":"(anonymous_8)","decl":{"start":{"line":210,"column":45},"end":{"line":210,"column":46}},"loc":{"start":{"line":210,"column":53},"end":{"line":212,"column":7}},"line":210},"9":{"name":"(anonymous_9)","decl":{"start":{"line":229,"column":2},"end":{"line":229,"column":3}},"loc":{"start":{"line":229,"column":51},"end":{"line":240,"column":3}},"line":229},"10":{"name":"(anonymous_10)","decl":{"start":{"line":242,"column":2},"end":{"line":242,"column":3}},"loc":{"start":{"line":242,"column":43},"end":{"line":248,"column":3}},"line":242},"11":{"name":"(anonymous_11)","decl":{"start":{"line":250,"column":2},"end":{"line":250,"column":3}},"loc":{"start":{"line":250,"column":45},"end":{"line":282,"column":3}},"line":250},"12":{"name":"(anonymous_12)","decl":{"start":{"line":284,"column":2},"end":{"line":284,"column":3}},"loc":{"start":{"line":284,"column":48},"end":{"line":304,"column":3}},"line":284}},"branchMap":{"0":{"loc":{"start":{"line":194,"column":6},"end":{"line":194,"column":57}},"type":"if","locations":[{"start":{"line":194,"column":6},"end":{"line":194,"column":57}},{"start":{},"end":{}}],"line":194},"1":{"loc":{"start":{"line":234,"column":6},"end":{"line":234,"column":50}},"type":"if","locations":[{"start":{"line":234,"column":6},"end":{"line":234,"column":50}},{"start":{},"end":{}}],"line":234},"2":{"loc":{"start":{"line":290,"column":6},"end":{"line":292,"column":7}},"type":"if","locations":[{"start":{"line":290,"column":6},"end":{"line":292,"column":7}},{"start":{},"end":{}}],"line":290}},"s":{"0":7,"1":7,"2":7,"3":7,"4":7,"5":7,"6":7,"7":1,"8":6,"9":6,"10":2,"11":2,"12":1,"13":1,"14":1,"15":2,"16":2,"17":1,"18":1,"19":1,"20":1,"21":1,"22":1,"23":1,"24":1,"25":0,"26":0,"27":0,"28":0,"29":0,"30":0,"31":0,"32":0,"33":0,"34":0,"35":1,"36":1,"37":1,"38":2,"39":2,"40":2,"41":2,"42":2,"43":2,"44":2,"45":2,"46":1,"47":1,"48":1,"49":1,"50":1,"51":1,"52":1,"53":0,"54":1,"55":1,"56":1,"57":1,"58":0,"59":0,"60":0,"61":0,"62":0,"63":0,"64":2,"65":2,"66":2,"67":1,"68":1,"69":1,"70":1,"71":1,"72":0,"73":1,"74":1,"75":0,"76":0,"77":0,"78":0,"79":0,"80":0,"81":0,"82":0,"83":0,"84":0,"85":0,"86":0,"87":0,"88":0,"89":0,"90":0,"91":0},"f":{"0":7,"1":2,"2":2,"3":1,"4":0,"5":0,"6":2,"7":1,"8":0,"9":1,"10":0,"11":0,"12":0},"b":{"0":[0,1],"1":[0,1],"2":[0,0]},"_coverageSchema":"1a1c01bbd47fc00a2c39e90264f33305004495a9","hash":"d9276329ef3a69b4d2d0192637e2ad99b2e84e4b"}
,"F:\\BckupDara\\ChalngeHacktiv8\\FolderPhase Ulang\\Koma\\Server\\controllers\\adminController.js": {"path":"F:\\BckupDara\\ChalngeHacktiv8\\FolderPhase Ulang\\Koma\\Server\\controllers\\adminController.js","statementMap":{"0":{"start":{"line":15,"column":4},"end":{"line":15,"column":24}},"1":{"start":{"line":19,"column":4},"end":{"line":40,"column":5}},"2":{"start":{"line":20,"column":21},"end":{"line":35,"column":8}},"3":{"start":{"line":37,"column":6},"end":{"line":37,"column":37}},"4":{"start":{"line":39,"column":6},"end":{"line":39,"column":16}},"5":{"start":{"line":44,"column":4},"end":{"line":62,"column":5}},"6":{"start":{"line":45,"column":21},"end":{"line":45,"column":31}},"7":{"start":{"line":47,"column":31},"end":{"line":47,"column":64}},"8":{"start":{"line":49,"column":6},"end":{"line":51,"column":7}},"9":{"start":{"line":50,"column":8},"end":{"line":50,"column":35}},"10":{"start":{"line":53,"column":6},"end":{"line":55,"column":9}},"11":{"start":{"line":57,"column":6},"end":{"line":59,"column":9}},"12":{"start":{"line":61,"column":6},"end":{"line":61,"column":16}},"13":{"start":{"line":66,"column":0},"end":{"line":66,"column":33}}},"fnMap":{"0":{"name":"(anonymous_0)","decl":{"start":{"line":18,"column":2},"end":{"line":18,"column":3}},"loc":{"start":{"line":18,"column":42},"end":{"line":41,"column":3}},"line":18},"1":{"name":"(anonymous_1)","decl":{"start":{"line":43,"column":2},"end":{"line":43,"column":3}},"loc":{"start":{"line":43,"column":51},"end":{"line":63,"column":3}},"line":43}},"branchMap":{"0":{"loc":{"start":{"line":49,"column":6},"end":{"line":51,"column":7}},"type":"if","locations":[{"start":{"line":49,"column":6},"end":{"line":51,"column":7}},{"start":{},"end":{}}],"line":49}},"s":{"0":7,"1":1,"2":1,"3":1,"4":0,"5":2,"6":2,"7":2,"8":2,"9":1,"10":1,"11":1,"12":1,"13":7},"f":{"0":1,"1":2},"b":{"0":[1,1]},"_coverageSchema":"1a1c01bbd47fc00a2c39e90264f33305004495a9","hash":"505a744284a4ab400cdf9f63528161ac89998420"}
,"F:\\BckupDara\\ChalngeHacktiv8\\FolderPhase Ulang\\Koma\\Server\\controllers\\controllerClient.js": {"path":"F:\\BckupDara\\ChalngeHacktiv8\\FolderPhase Ulang\\Koma\\Server\\controllers\\controllerClient.js","statementMap":{"0":{"start":{"line":3,"column":23},"end":{"line":3,"column":49}},"1":{"start":{"line":23,"column":4},"end":{"line":23,"column":24}},"2":{"start":{"line":24,"column":53},"end":{"line":24,"column":64}},"3":{"start":{"line":28,"column":4},"end":{"line":49,"column":5}},"4":{"start":{"line":29,"column":66},"end":{"line":29,"column":74}},"5":{"start":{"line":30,"column":18},"end":{"line":37,"column":7}},"6":{"start":{"line":38,"column":6},"end":{"line":38,"column":25}},"7":{"start":{"line":40,"column":26},"end":{"line":40,"column":51}},"8":{"start":{"line":42,"column":6},"end":{"line":45,"column":9}},"9":{"start":{"line":47,"column":6},"end":{"line":47,"column":23}},"10":{"start":{"line":48,"column":6},"end":{"line":48,"column":16}},"11":{"start":{"line":53,"column":4},"end":{"line":83,"column":5}},"12":{"start":{"line":54,"column":23},"end":{"line":54,"column":32}},"13":{"start":{"line":56,"column":22},"end":{"line":70,"column":7}},"14":{"start":{"line":78,"column":16},"end":{"line":78,"column":53}},"15":{"start":{"line":80,"column":6},"end":{"line":80,"column":32}},"16":{"start":{"line":82,"column":6},"end":{"line":82,"column":16}},"17":{"start":{"line":87,"column":4},"end":{"line":139,"column":5}},"18":{"start":{"line":88,"column":21},"end":{"line":88,"column":31}},"19":{"start":{"line":90,"column":33},"end":{"line":119,"column":8}},"20":{"start":{"line":136,"column":6},"end":{"line":136,"column":47}},"21":{"start":{"line":138,"column":6},"end":{"line":138,"column":16}},"22":{"start":{"line":143,"column":4},"end":{"line":184,"column":5}},"23":{"start":{"line":144,"column":21},"end":{"line":144,"column":29}},"24":{"start":{"line":145,"column":25},"end":{"line":180,"column":8}},"25":{"start":{"line":181,"column":6},"end":{"line":181,"column":39}},"26":{"start":{"line":183,"column":6},"end":{"line":183,"column":16}},"27":{"start":{"line":188,"column":4},"end":{"line":229,"column":5}},"28":{"start":{"line":189,"column":21},"end":{"line":189,"column":29}},"29":{"start":{"line":190,"column":25},"end":{"line":225,"column":8}},"30":{"start":{"line":226,"column":6},"end":{"line":226,"column":39}},"31":{"start":{"line":228,"column":6},"end":{"line":228,"column":16}},"32":{"start":{"line":233,"column":4},"end":{"line":259,"column":5}},"33":{"start":{"line":234,"column":21},"end":{"line":234,"column":31}},"34":{"start":{"line":235,"column":45},"end":{"line":235,"column":53}},"35":{"start":{"line":236,"column":29},"end":{"line":236,"column":37}},"36":{"start":{"line":242,"column":32},"end":{"line":242,"column":65}},"37":{"start":{"line":244,"column":6},"end":{"line":246,"column":7}},"38":{"start":{"line":245,"column":8},"end":{"line":245,"column":35}},"39":{"start":{"line":248,"column":18},"end":{"line":253,"column":7}},"40":{"start":{"line":255,"column":30},"end":{"line":255,"column":59}},"41":{"start":{"line":256,"column":6},"end":{"line":256,"column":79}},"42":{"start":{"line":258,"column":6},"end":{"line":258,"column":16}},"43":{"start":{"line":263,"column":4},"end":{"line":283,"column":5}},"44":{"start":{"line":264,"column":21},"end":{"line":264,"column":31}},"45":{"start":{"line":265,"column":29},"end":{"line":265,"column":37}},"46":{"start":{"line":267,"column":32},"end":{"line":267,"column":65}},"47":{"start":{"line":269,"column":6},"end":{"line":271,"column":7}},"48":{"start":{"line":270,"column":8},"end":{"line":270,"column":35}},"49":{"start":{"line":273,"column":18},"end":{"line":276,"column":7}},"50":{"start":{"line":278,"column":27},"end":{"line":278,"column":56}},"51":{"start":{"line":279,"column":6},"end":{"line":279,"column":68}},"52":{"start":{"line":281,"column":6},"end":{"line":281,"column":23}},"53":{"start":{"line":282,"column":6},"end":{"line":282,"column":16}},"54":{"start":{"line":287,"column":4},"end":{"line":307,"column":5}},"55":{"start":{"line":288,"column":21},"end":{"line":288,"column":31}},"56":{"start":{"line":290,"column":27},"end":{"line":290,"column":55}},"57":{"start":{"line":292,"column":6},"end":{"line":294,"column":7}},"58":{"start":{"line":293,"column":8},"end":{"line":293,"column":35}},"59":{"start":{"line":296,"column":6},"end":{"line":300,"column":9}},"60":{"start":{"line":302,"column":6},"end":{"line":304,"column":9}},"61":{"start":{"line":306,"column":6},"end":{"line":306,"column":16}},"62":{"start":{"line":311,"column":4},"end":{"line":342,"column":5}},"63":{"start":{"line":312,"column":21},"end":{"line":312,"column":31}},"64":{"start":{"line":313,"column":29},"end":{"line":313,"column":37}},"65":{"start":{"line":315,"column":28},"end":{"line":315,"column":56}},"66":{"start":{"line":317,"column":6},"end":{"line":319,"column":7}},"67":{"start":{"line":318,"column":8},"end":{"line":318,"column":35}},"68":{"start":{"line":321,"column":31},"end":{"line":329,"column":7}},"69":{"start":{"line":331,"column":6},"end":{"line":331,"column":61}},"70":{"start":{"line":333,"column":6},"end":{"line":335,"column":7}},"71":{"start":{"line":334,"column":8},"end":{"line":334,"column":35}},"72":{"start":{"line":337,"column":6},"end":{"line":339,"column":9}},"73":{"start":{"line":341,"column":6},"end":{"line":341,"column":16}},"74":{"start":{"line":346,"column":4},"end":{"line":366,"column":5}},"75":{"start":{"line":347,"column":21},"end":{"line":347,"column":31}},"76":{"start":{"line":349,"column":28},"end":{"line":349,"column":56}},"77":{"start":{"line":351,"column":6},"end":{"line":353,"column":7}},"78":{"start":{"line":352,"column":8},"end":{"line":352,"column":35}},"79":{"start":{"line":355,"column":6},"end":{"line":359,"column":9}},"80":{"start":{"line":361,"column":6},"end":{"line":363,"column":9}},"81":{"start":{"line":365,"column":6},"end":{"line":365,"column":16}},"82":{"start":{"line":370,"column":4},"end":{"line":406,"column":5}},"83":{"start":{"line":371,"column":25},"end":{"line":371,"column":33}},"84":{"start":{"line":373,"column":6},"end":{"line":373,"column":45}},"85":{"start":{"line":375,"column":17},"end":{"line":380,"column":8}},"86":{"start":{"line":382,"column":22},"end":{"line":393,"column":7}},"87":{"start":{"line":395,"column":26},"end":{"line":395,"column":65}},"88":{"start":{"line":396,"column":29},"end":{"line":396,"column":46}},"89":{"start":{"line":398,"column":6},"end":{"line":398,"column":61}},"90":{"start":{"line":400,"column":6},"end":{"line":403,"column":9}},"91":{"start":{"line":405,"column":6},"end":{"line":405,"column":16}},"92":{"start":{"line":410,"column":0},"end":{"line":410,"column":34}}},"fnMap":{"0":{"name":"(anonymous_0)","decl":{"start":{"line":27,"column":2},"end":{"line":27,"column":3}},"loc":{"start":{"line":27,"column":46},"end":{"line":50,"column":3}},"line":27},"1":{"name":"(anonymous_1)","decl":{"start":{"line":52,"column":2},"end":{"line":52,"column":3}},"loc":{"start":{"line":52,"column":46},"end":{"line":84,"column":3}},"line":52},"2":{"name":"(anonymous_2)","decl":{"start":{"line":86,"column":2},"end":{"line":86,"column":3}},"loc":{"start":{"line":86,"column":48},"end":{"line":140,"column":3}},"line":86},"3":{"name":"(anonymous_3)","decl":{"start":{"line":142,"column":2},"end":{"line":142,"column":3}},"loc":{"start":{"line":142,"column":42},"end":{"line":185,"column":3}},"line":142},"4":{"name":"(anonymous_4)","decl":{"start":{"line":187,"column":2},"end":{"line":187,"column":3}},"loc":{"start":{"line":187,"column":42},"end":{"line":230,"column":3}},"line":187},"5":{"name":"(anonymous_5)","decl":{"start":{"line":232,"column":2},"end":{"line":232,"column":3}},"loc":{"start":{"line":232,"column":47},"end":{"line":260,"column":3}},"line":232},"6":{"name":"(anonymous_6)","decl":{"start":{"line":262,"column":2},"end":{"line":262,"column":3}},"loc":{"start":{"line":262,"column":46},"end":{"line":284,"column":3}},"line":262},"7":{"name":"(anonymous_7)","decl":{"start":{"line":286,"column":2},"end":{"line":286,"column":3}},"loc":{"start":{"line":286,"column":46},"end":{"line":308,"column":3}},"line":286},"8":{"name":"(anonymous_8)","decl":{"start":{"line":310,"column":2},"end":{"line":310,"column":3}},"loc":{"start":{"line":310,"column":53},"end":{"line":343,"column":3}},"line":310},"9":{"name":"(anonymous_9)","decl":{"start":{"line":345,"column":2},"end":{"line":345,"column":3}},"loc":{"start":{"line":345,"column":47},"end":{"line":367,"column":3}},"line":345},"10":{"name":"(anonymous_10)","decl":{"start":{"line":369,"column":2},"end":{"line":369,"column":3}},"loc":{"start":{"line":369,"column":39},"end":{"line":407,"column":3}},"line":369}},"branchMap":{"0":{"loc":{"start":{"line":244,"column":6},"end":{"line":246,"column":7}},"type":"if","locations":[{"start":{"line":244,"column":6},"end":{"line":246,"column":7}},{"start":{},"end":{}}],"line":244},"1":{"loc":{"start":{"line":269,"column":6},"end":{"line":271,"column":7}},"type":"if","locations":[{"start":{"line":269,"column":6},"end":{"line":271,"column":7}},{"start":{},"end":{}}],"line":269},"2":{"loc":{"start":{"line":292,"column":6},"end":{"line":294,"column":7}},"type":"if","locations":[{"start":{"line":292,"column":6},"end":{"line":294,"column":7}},{"start":{},"end":{}}],"line":292},"3":{"loc":{"start":{"line":317,"column":6},"end":{"line":319,"column":7}},"type":"if","locations":[{"start":{"line":317,"column":6},"end":{"line":319,"column":7}},{"start":{},"end":{}}],"line":317},"4":{"loc":{"start":{"line":333,"column":6},"end":{"line":335,"column":7}},"type":"if","locations":[{"start":{"line":333,"column":6},"end":{"line":335,"column":7}},{"start":{},"end":{}}],"line":333},"5":{"loc":{"start":{"line":351,"column":6},"end":{"line":353,"column":7}},"type":"if","locations":[{"start":{"line":351,"column":6},"end":{"line":353,"column":7}},{"start":{},"end":{}}],"line":351}},"s":{"0":7,"1":7,"2":7,"3":7,"4":7,"5":7,"6":7,"7":7,"8":1,"9":6,"10":6,"11":2,"12":2,"13":2,"14":2,"15":1,"16":1,"17":2,"18":2,"19":2,"20":1,"21":1,"22":4,"23":4,"24":4,"25":3,"26":1,"27":0,"28":0,"29":0,"30":0,"31":0,"32":2,"33":2,"34":2,"35":2,"36":2,"37":2,"38":0,"39":2,"40":2,"41":1,"42":1,"43":3,"44":3,"45":3,"46":3,"47":3,"48":1,"49":2,"50":2,"51":2,"52":1,"53":1,"54":2,"55":2,"56":2,"57":2,"58":1,"59":1,"60":1,"61":1,"62":2,"63":2,"64":2,"65":2,"66":2,"67":1,"68":1,"69":1,"70":1,"71":0,"72":1,"73":1,"74":1,"75":1,"76":1,"77":1,"78":0,"79":1,"80":1,"81":0,"82":3,"83":3,"84":3,"85":3,"86":3,"87":3,"88":0,"89":0,"90":0,"91":3,"92":7},"f":{"0":7,"1":2,"2":2,"3":4,"4":0,"5":2,"6":3,"7":2,"8":2,"9":1,"10":3},"b":{"0":[0,2],"1":[1,2],"2":[1,1],"3":[1,1],"4":[0,1],"5":[0,1]},"_coverageSchema":"1a1c01bbd47fc00a2c39e90264f33305004495a9","hash":"4d947fbd5c32ac15d2861c03bfc3bcc37be582e8"}
,"F:\\BckupDara\\ChalngeHacktiv8\\FolderPhase Ulang\\Koma\\Server\\controllers\\mainController.js": {"path":"F:\\BckupDara\\ChalngeHacktiv8\\FolderPhase Ulang\\Koma\\Server\\controllers\\mainController.js","statementMap":{"0":{"start":{"line":1,"column":35},"end":{"line":1,"column":64}},"1":{"start":{"line":2,"column":43},"end":{"line":2,"column":63}},"2":{"start":{"line":4,"column":0},"end":{"line":54,"column":2}},"3":{"start":{"line":6,"column":4},"end":{"line":25,"column":5}},"4":{"start":{"line":7,"column":34},"end":{"line":7,"column":42}},"5":{"start":{"line":8,"column":19},"end":{"line":8,"column":60}},"6":{"start":{"line":9,"column":6},"end":{"line":9,"column":48}},"7":{"start":{"line":9,"column":17},"end":{"line":9,"column":48}},"8":{"start":{"line":10,"column":6},"end":{"line":10,"column":80}},"9":{"start":{"line":10,"column":49},"end":{"line":10,"column":80}},"10":{"start":{"line":11,"column":27},"end":{"line":15,"column":8}},"11":{"start":{"line":16,"column":6},"end":{"line":21,"column":9}},"12":{"start":{"line":23,"column":6},"end":{"line":23,"column":23}},"13":{"start":{"line":24,"column":6},"end":{"line":24,"column":16}},"14":{"start":{"line":29,"column":4},"end":{"line":34,"column":5}},"15":{"start":{"line":30,"column":25},"end":{"line":30,"column":51}},"16":{"start":{"line":31,"column":6},"end":{"line":31,"column":39}},"17":{"start":{"line":33,"column":6},"end":{"line":33,"column":16}},"18":{"start":{"line":38,"column":4},"end":{"line":43,"column":5}},"19":{"start":{"line":39,"column":21},"end":{"line":39,"column":41}},"20":{"start":{"line":40,"column":6},"end":{"line":40,"column":35}},"21":{"start":{"line":42,"column":6},"end":{"line":42,"column":16}},"22":{"start":{"line":47,"column":4},"end":{"line":52,"column":5}},"23":{"start":{"line":48,"column":20},"end":{"line":48,"column":41}},"24":{"start":{"line":49,"column":6},"end":{"line":49,"column":34}},"25":{"start":{"line":51,"column":6},"end":{"line":51,"column":16}}},"fnMap":{"0":{"name":"(anonymous_0)","decl":{"start":{"line":5,"column":2},"end":{"line":5,"column":3}},"loc":{"start":{"line":5,"column":44},"end":{"line":26,"column":3}},"line":5},"1":{"name":"(anonymous_1)","decl":{"start":{"line":28,"column":2},"end":{"line":28,"column":3}},"loc":{"start":{"line":28,"column":45},"end":{"line":35,"column":3}},"line":28},"2":{"name":"(anonymous_2)","decl":{"start":{"line":37,"column":2},"end":{"line":37,"column":3}},"loc":{"start":{"line":37,"column":41},"end":{"line":44,"column":3}},"line":37},"3":{"name":"(anonymous_3)","decl":{"start":{"line":46,"column":2},"end":{"line":46,"column":3}},"loc":{"start":{"line":46,"column":40},"end":{"line":53,"column":3}},"line":46}},"branchMap":{"0":{"loc":{"start":{"line":9,"column":6},"end":{"line":9,"column":48}},"type":"if","locations":[{"start":{"line":9,"column":6},"end":{"line":9,"column":48}},{"start":{},"end":{}}],"line":9},"1":{"loc":{"start":{"line":10,"column":6},"end":{"line":10,"column":80}},"type":"if","locations":[{"start":{"line":10,"column":6},"end":{"line":10,"column":80}},{"start":{},"end":{}}],"line":10}},"s":{"0":7,"1":7,"2":7,"3":6,"4":6,"5":6,"6":6,"7":2,"8":4,"9":1,"10":3,"11":3,"12":3,"13":3,"14":2,"15":2,"16":1,"17":1,"18":2,"19":2,"20":1,"21":1,"22":2,"23":2,"24":1,"25":1},"f":{"0":6,"1":2,"2":2,"3":2},"b":{"0":[2,4],"1":[1,3]},"_coverageSchema":"1a1c01bbd47fc00a2c39e90264f33305004495a9","hash":"d374e20edfb708278d2b9cc0c030f7d3f3247e64"}
,"F:\\BckupDara\\ChalngeHacktiv8\\FolderPhase Ulang\\Koma\\Server\\helpers\\helpers.js": {"path":"F:\\BckupDara\\ChalngeHacktiv8\\FolderPhase Ulang\\Koma\\Server\\helpers\\helpers.js","statementMap":{"0":{"start":{"line":1,"column":12},"end":{"line":1,"column":35}},"1":{"start":{"line":2,"column":15},"end":{"line":2,"column":34}},"2":{"start":{"line":5,"column":2},"end":{"line":5,"column":51}},"3":{"start":{"line":9,"column":2},"end":{"line":9,"column":53}},"4":{"start":{"line":13,"column":2},"end":{"line":13,"column":35}},"5":{"start":{"line":17,"column":2},"end":{"line":17,"column":47}},"6":{"start":{"line":20,"column":0},"end":{"line":25,"column":2}}},"fnMap":{"0":{"name":"signToken","decl":{"start":{"line":4,"column":9},"end":{"line":4,"column":18}},"loc":{"start":{"line":4,"column":28},"end":{"line":6,"column":1}},"line":4},"1":{"name":"verifyToken","decl":{"start":{"line":8,"column":9},"end":{"line":8,"column":20}},"loc":{"start":{"line":8,"column":30},"end":{"line":10,"column":1}},"line":8},"2":{"name":"hashPassword","decl":{"start":{"line":12,"column":9},"end":{"line":12,"column":21}},"loc":{"start":{"line":12,"column":32},"end":{"line":14,"column":1}},"line":12},"3":{"name":"compareHash","decl":{"start":{"line":16,"column":9},"end":{"line":16,"column":20}},"loc":{"start":{"line":16,"column":40},"end":{"line":18,"column":1}},"line":16}},"branchMap":{},"s":{"0":7,"1":7,"2":10,"3":31,"4":13,"5":4,"6":7},"f":{"0":10,"1":31,"2":13,"3":4},"b":{},"_coverageSchema":"1a1c01bbd47fc00a2c39e90264f33305004495a9","hash":"20843c2a048e0109f278139c45aa8f8ea8476d0f"}
,"F:\\BckupDara\\ChalngeHacktiv8\\FolderPhase Ulang\\Koma\\Server\\middlewares\\authentication.js": {"path":"F:\\BckupDara\\ChalngeHacktiv8\\FolderPhase Ulang\\Koma\\Server\\middlewares\\authentication.js","statementMap":{"0":{"start":{"line":1,"column":24},"end":{"line":1,"column":53}},"1":{"start":{"line":2,"column":18},"end":{"line":2,"column":39}},"2":{"start":{"line":4,"column":23},"end":{"line":23,"column":1}},"3":{"start":{"line":5,"column":2},"end":{"line":22,"column":3}},"4":{"start":{"line":6,"column":29},"end":{"line":6,"column":40}},"5":{"start":{"line":7,"column":4},"end":{"line":7,"column":61}},"6":{"start":{"line":8,"column":19},"end":{"line":8,"column":44}},"7":{"start":{"line":10,"column":17},"end":{"line":10,"column":72}},"8":{"start":{"line":11,"column":4},"end":{"line":13,"column":5}},"9":{"start":{"line":12,"column":6},"end":{"line":12,"column":37}},"10":{"start":{"line":14,"column":4},"end":{"line":18,"column":6}},"11":{"start":{"line":19,"column":4},"end":{"line":19,"column":11}},"12":{"start":{"line":21,"column":4},"end":{"line":21,"column":14}},"13":{"start":{"line":25,"column":0},"end":{"line":25,"column":32}}},"fnMap":{"0":{"name":"(anonymous_0)","decl":{"start":{"line":4,"column":23},"end":{"line":4,"column":24}},"loc":{"start":{"line":4,"column":49},"end":{"line":23,"column":1}},"line":4}},"branchMap":{"0":{"loc":{"start":{"line":11,"column":4},"end":{"line":13,"column":5}},"type":"if","locations":[{"start":{"line":11,"column":4},"end":{"line":13,"column":5}},{"start":{},"end":{}}],"line":11}},"s":{"0":7,"1":7,"2":7,"3":31,"4":31,"5":31,"6":31,"7":29,"8":29,"9":0,"10":29,"11":29,"12":2,"13":7},"f":{"0":31},"b":{"0":[0,29]},"_coverageSchema":"1a1c01bbd47fc00a2c39e90264f33305004495a9","hash":"c6ac36466b5f5e997b71d925bfc45fffff195a05"}
,"F:\\BckupDara\\ChalngeHacktiv8\\FolderPhase Ulang\\Koma\\Server\\middlewares\\authorizationOwner.js": {"path":"F:\\BckupDara\\ChalngeHacktiv8\\FolderPhase Ulang\\Koma\\Server\\middlewares\\authorizationOwner.js","statementMap":{"0":{"start":{"line":1,"column":34},"end":{"line":1,"column":54}},"1":{"start":{"line":3,"column":26},"end":{"line":25,"column":1}},"2":{"start":{"line":4,"column":2},"end":{"line":24,"column":3}},"3":{"start":{"line":5,"column":34},"end":{"line":5,"column":42}},"4":{"start":{"line":6,"column":36},"end":{"line":6,"column":46}},"5":{"start":{"line":8,"column":4},"end":{"line":10,"column":5}},"6":{"start":{"line":9,"column":6},"end":{"line":9,"column":33}},"7":{"start":{"line":12,"column":26},"end":{"line":12,"column":72}},"8":{"start":{"line":14,"column":4},"end":{"line":16,"column":5}},"9":{"start":{"line":15,"column":6},"end":{"line":15,"column":33}},"10":{"start":{"line":17,"column":4},"end":{"line":19,"column":5}},"11":{"start":{"line":18,"column":6},"end":{"line":18,"column":34}},"12":{"start":{"line":21,"column":4},"end":{"line":21,"column":11}},"13":{"start":{"line":23,"column":4},"end":{"line":23,"column":14}},"14":{"start":{"line":27,"column":0},"end":{"line":27,"column":35}}},"fnMap":{"0":{"name":"(anonymous_0)","decl":{"start":{"line":3,"column":26},"end":{"line":3,"column":27}},"loc":{"start":{"line":3,"column":52},"end":{"line":25,"column":1}},"line":3}},"branchMap":{"0":{"loc":{"start":{"line":8,"column":4},"end":{"line":10,"column":5}},"type":"if","locations":[{"start":{"line":8,"column":4},"end":{"line":10,"column":5}},{"start":{},"end":{}}],"line":8},"1":{"loc":{"start":{"line":14,"column":4},"end":{"line":16,"column":5}},"type":"if","locations":[{"start":{"line":14,"column":4},"end":{"line":16,"column":5}},{"start":{},"end":{}}],"line":14},"2":{"loc":{"start":{"line":17,"column":4},"end":{"line":19,"column":5}},"type":"if","locations":[{"start":{"line":17,"column":4},"end":{"line":19,"column":5}},{"start":{},"end":{}}],"line":17},"3":{"loc":{"start":{"line":17,"column":8},"end":{"line":17,"column":60}},"type":"binary-expr","locations":[{"start":{"line":17,"column":8},"end":{"line":17,"column":24}},{"start":{"line":17,"column":28},"end":{"line":17,"column":60}}],"line":17}},"s":{"0":7,"1":7,"2":2,"3":2,"4":2,"5":2,"6":0,"7":2,"8":2,"9":1,"10":1,"11":0,"12":1,"13":1,"14":7},"f":{"0":2},"b":{"0":[0,2],"1":[1,1],"2":[0,1],"3":[1,1]},"_coverageSchema":"1a1c01bbd47fc00a2c39e90264f33305004495a9","hash":"a2420ab10bf2fc1fac027c21a9ecb949fe347fcc"}
,"F:\\BckupDara\\ChalngeHacktiv8\\FolderPhase Ulang\\Koma\\Server\\middlewares\\errorHandlers.js": {"path":"F:\\BckupDara\\ChalngeHacktiv8\\FolderPhase Ulang\\Koma\\Server\\middlewares\\errorHandlers.js","statementMap":{"0":{"start":{"line":2,"column":2},"end":{"line":20,"column":3}},"1":{"start":{"line":4,"column":6},"end":{"line":4,"column":58}},"2":{"start":{"line":5,"column":6},"end":{"line":5,"column":12}},"3":{"start":{"line":7,"column":6},"end":{"line":7,"column":66}},"4":{"start":{"line":8,"column":6},"end":{"line":8,"column":12}},"5":{"start":{"line":10,"column":6},"end":{"line":10,"column":53}},"6":{"start":{"line":11,"column":6},"end":{"line":11,"column":12}},"7":{"start":{"line":13,"column":19},"end":{"line":13,"column":21}},"8":{"start":{"line":14,"column":6},"end":{"line":14,"column":54}},"9":{"start":{"line":14,"column":29},"end":{"line":14,"column":52}},"10":{"start":{"line":15,"column":6},"end":{"line":15,"column":51}},"11":{"start":{"line":16,"column":6},"end":{"line":16,"column":12}},"12":{"start":{"line":18,"column":6},"end":{"line":18,"column":65}},"13":{"start":{"line":19,"column":6},"end":{"line":19,"column":12}},"14":{"start":{"line":23,"column":0},"end":{"line":23,"column":30}}},"fnMap":{"0":{"name":"errorHandler","decl":{"start":{"line":1,"column":9},"end":{"line":1,"column":21}},"loc":{"start":{"line":1,"column":43},"end":{"line":21,"column":1}},"line":1},"1":{"name":"(anonymous_1)","decl":{"start":{"line":14,"column":21},"end":{"line":14,"column":22}},"loc":{"start":{"line":14,"column":29},"end":{"line":14,"column":52}},"line":14}},"branchMap":{"0":{"loc":{"start":{"line":2,"column":2},"end":{"line":20,"column":3}},"type":"switch","locations":[{"start":{"line":3,"column":4},"end":{"line":5,"column":12}},{"start":{"line":6,"column":4},"end":{"line":8,"column":12}},{"start":{"line":9,"column":4},"end":{"line":11,"column":12}},{"start":{"line":12,"column":4},"end":{"line":16,"column":12}},{"start":{"line":17,"column":4},"end":{"line":19,"column":12}}],"line":2}},"s":{"0":37,"1":2,"2":2,"3":3,"4":3,"5":5,"6":5,"7":12,"8":12,"9":16,"10":12,"11":12,"12":15,"13":15,"14":7},"f":{"0":37,"1":16},"b":{"0":[2,3,5,12,15]},"_coverageSchema":"1a1c01bbd47fc00a2c39e90264f33305004495a9","hash":"d41981e1b97c72afd89d596c320643e992229c16"}
,"F:\\BckupDara\\ChalngeHacktiv8\\FolderPhase Ulang\\Koma\\Server\\middlewares\\storage.js": {"path":"F:\\BckupDara\\ChalngeHacktiv8\\FolderPhase Ulang\\Koma\\Server\\middlewares\\storage.js","statementMap":{"0":{"start":{"line":1,"column":15},"end":{"line":1,"column":32}},"1":{"start":{"line":2,"column":13},"end":{"line":2,"column":28}},"2":{"start":{"line":4,"column":16},"end":{"line":17,"column":2}},"3":{"start":{"line":6,"column":4},"end":{"line":6,"column":33}},"4":{"start":{"line":9,"column":4},"end":{"line":15,"column":6}},"5":{"start":{"line":19,"column":15},"end":{"line":19,"column":34}},"6":{"start":{"line":21,"column":0},"end":{"line":21,"column":24}}},"fnMap":{"0":{"name":"(anonymous_0)","decl":{"start":{"line":5,"column":15},"end":{"line":5,"column":16}},"loc":{"start":{"line":5,"column":40},"end":{"line":7,"column":3}},"line":5},"1":{"name":"(anonymous_1)","decl":{"start":{"line":8,"column":12},"end":{"line":8,"column":13}},"loc":{"start":{"line":8,"column":37},"end":{"line":16,"column":3}},"line":8}},"branchMap":{},"s":{"0":7,"1":7,"2":7,"3":0,"4":0,"5":7,"6":7},"f":{"0":0,"1":0},"b":{},"_coverageSchema":"1a1c01bbd47fc00a2c39e90264f33305004495a9","hash":"abeaddd37fc74474d5d2ee8b7d0c776f9ed79e65"}
,"F:\\BckupDara\\ChalngeHacktiv8\\FolderPhase Ulang\\Koma\\Server\\models\\boardinghousefacilities.js": {"path":"F:\\BckupDara\\ChalngeHacktiv8\\FolderPhase Ulang\\Koma\\Server\\models\\boardinghousefacilities.js","statementMap":{"0":{"start":{"line":2,"column":18},"end":{"line":2,"column":38}},"1":{"start":{"line":3,"column":0},"end":{"line":21,"column":2}},"2":{"start":{"line":6,"column":6},"end":{"line":6,"column":63}},"3":{"start":{"line":7,"column":6},"end":{"line":7,"column":59}},"4":{"start":{"line":10,"column":2},"end":{"line":19,"column":4}},"5":{"start":{"line":20,"column":2},"end":{"line":20,"column":33}}},"fnMap":{"0":{"name":"(anonymous_0)","decl":{"start":{"line":3,"column":17},"end":{"line":3,"column":18}},"loc":{"start":{"line":3,"column":43},"end":{"line":21,"column":1}},"line":3},"1":{"name":"(anonymous_1)","decl":{"start":{"line":5,"column":4},"end":{"line":5,"column":5}},"loc":{"start":{"line":5,"column":29},"end":{"line":8,"column":5}},"line":5}},"branchMap":{},"s":{"0":7,"1":7,"2":7,"3":7,"4":7,"5":7},"f":{"0":7,"1":7},"b":{},"_coverageSchema":"1a1c01bbd47fc00a2c39e90264f33305004495a9","hash":"cde2a8f922f3d8824d80054c5ba498ef6ac861fa"}
,"F:\\BckupDara\\ChalngeHacktiv8\\FolderPhase Ulang\\Koma\\Server\\models\\boardinghouserules.js": {"path":"F:\\BckupDara\\ChalngeHacktiv8\\FolderPhase Ulang\\Koma\\Server\\models\\boardinghouserules.js","statementMap":{"0":{"start":{"line":2,"column":18},"end":{"line":2,"column":38}},"1":{"start":{"line":3,"column":0},"end":{"line":21,"column":2}},"2":{"start":{"line":6,"column":6},"end":{"line":6,"column":49}},"3":{"start":{"line":7,"column":6},"end":{"line":7,"column":58}},"4":{"start":{"line":10,"column":2},"end":{"line":19,"column":4}},"5":{"start":{"line":20,"column":2},"end":{"line":20,"column":28}}},"fnMap":{"0":{"name":"(anonymous_0)","decl":{"start":{"line":3,"column":17},"end":{"line":3,"column":18}},"loc":{"start":{"line":3,"column":43},"end":{"line":21,"column":1}},"line":3},"1":{"name":"(anonymous_1)","decl":{"start":{"line":5,"column":4},"end":{"line":5,"column":5}},"loc":{"start":{"line":5,"column":29},"end":{"line":8,"column":5}},"line":5}},"branchMap":{},"s":{"0":7,"1":7,"2":7,"3":7,"4":7,"5":7},"f":{"0":7,"1":7},"b":{},"_coverageSchema":"1a1c01bbd47fc00a2c39e90264f33305004495a9","hash":"c2bb05d4ae1f0c41aae40a8a5089638d23443d51"}
,"F:\\BckupDara\\ChalngeHacktiv8\\FolderPhase Ulang\\Koma\\Server\\models\\boardinghouses.js": {"path":"F:\\BckupDara\\ChalngeHacktiv8\\FolderPhase Ulang\\Koma\\Server\\models\\boardinghouses.js","statementMap":{"0":{"start":{"line":2,"column":18},"end":{"line":2,"column":38}},"1":{"start":{"line":3,"column":0},"end":{"line":39,"column":2}},"2":{"start":{"line":6,"column":6},"end":{"line":6,"column":45}},"3":{"start":{"line":7,"column":6},"end":{"line":7,"column":50}},"4":{"start":{"line":8,"column":6},"end":{"line":8,"column":44}},"5":{"start":{"line":9,"column":6},"end":{"line":9,"column":47}},"6":{"start":{"line":10,"column":6},"end":{"line":10,"column":44}},"7":{"start":{"line":11,"column":6},"end":{"line":11,"column":61}},"8":{"start":{"line":12,"column":6},"end":{"line":12,"column":56}},"9":{"start":{"line":13,"column":6},"end":{"line":13,"column":47}},"10":{"start":{"line":16,"column":2},"end":{"line":34,"column":4}},"11":{"start":{"line":35,"column":2},"end":{"line":37,"column":5}},"12":{"start":{"line":36,"column":4},"end":{"line":36,"column":69}},"13":{"start":{"line":38,"column":2},"end":{"line":38,"column":24}}},"fnMap":{"0":{"name":"(anonymous_0)","decl":{"start":{"line":3,"column":17},"end":{"line":3,"column":18}},"loc":{"start":{"line":3,"column":43},"end":{"line":39,"column":1}},"line":3},"1":{"name":"(anonymous_1)","decl":{"start":{"line":5,"column":4},"end":{"line":5,"column":5}},"loc":{"start":{"line":5,"column":29},"end":{"line":14,"column":5}},"line":5},"2":{"name":"(anonymous_2)","decl":{"start":{"line":35,"column":30},"end":{"line":35,"column":31}},"loc":{"start":{"line":35,"column":52},"end":{"line":37,"column":3}},"line":35}},"branchMap":{},"s":{"0":7,"1":7,"2":7,"3":7,"4":7,"5":7,"6":7,"7":7,"8":7,"9":7,"10":7,"11":7,"12":3,"13":7},"f":{"0":7,"1":7,"2":3},"b":{},"_coverageSchema":"1a1c01bbd47fc00a2c39e90264f33305004495a9","hash":"f74330e57c71a510ae60553489a9cd1721305817"}
,"F:\\BckupDara\\ChalngeHacktiv8\\FolderPhase Ulang\\Koma\\Server\\models\\bookmarks.js": {"path":"F:\\BckupDara\\ChalngeHacktiv8\\FolderPhase Ulang\\Koma\\Server\\models\\bookmarks.js","statementMap":{"0":{"start":{"line":2,"column":18},"end":{"line":2,"column":38}},"1":{"start":{"line":3,"column":0},"end":{"line":20,"column":2}},"2":{"start":{"line":6,"column":6},"end":{"line":6,"column":49}},"3":{"start":{"line":9,"column":2},"end":{"line":18,"column":4}},"4":{"start":{"line":19,"column":2},"end":{"line":19,"column":19}}},"fnMap":{"0":{"name":"(anonymous_0)","decl":{"start":{"line":3,"column":17},"end":{"line":3,"column":18}},"loc":{"start":{"line":3,"column":43},"end":{"line":20,"column":1}},"line":3},"1":{"name":"(anonymous_1)","decl":{"start":{"line":5,"column":4},"end":{"line":5,"column":5}},"loc":{"start":{"line":5,"column":29},"end":{"line":7,"column":5}},"line":5}},"branchMap":{},"s":{"0":7,"1":7,"2":7,"3":7,"4":7},"f":{"0":7,"1":7},"b":{},"_coverageSchema":"1a1c01bbd47fc00a2c39e90264f33305004495a9","hash":"40fb50ac84d0f187ef4c38c77dac17b13f837bb9"}
,"F:\\BckupDara\\ChalngeHacktiv8\\FolderPhase Ulang\\Koma\\Server\\models\\categories.js": {"path":"F:\\BckupDara\\ChalngeHacktiv8\\FolderPhase Ulang\\Koma\\Server\\models\\categories.js","statementMap":{"0":{"start":{"line":2,"column":18},"end":{"line":2,"column":38}},"1":{"start":{"line":3,"column":0},"end":{"line":19,"column":2}},"2":{"start":{"line":6,"column":6},"end":{"line":6,"column":48}},"3":{"start":{"line":9,"column":2},"end":{"line":17,"column":4}},"4":{"start":{"line":18,"column":2},"end":{"line":18,"column":20}}},"fnMap":{"0":{"name":"(anonymous_0)","decl":{"start":{"line":3,"column":17},"end":{"line":3,"column":18}},"loc":{"start":{"line":3,"column":43},"end":{"line":19,"column":1}},"line":3},"1":{"name":"(anonymous_1)","decl":{"start":{"line":5,"column":4},"end":{"line":5,"column":5}},"loc":{"start":{"line":5,"column":29},"end":{"line":7,"column":5}},"line":5}},"branchMap":{},"s":{"0":7,"1":7,"2":7,"3":7,"4":7},"f":{"0":7,"1":7},"b":{},"_coverageSchema":"1a1c01bbd47fc00a2c39e90264f33305004495a9","hash":"556386b1c84328de2c0cf4dd986eb1599e31a482"}
,"F:\\BckupDara\\ChalngeHacktiv8\\FolderPhase Ulang\\Koma\\Server\\models\\city.js": {"path":"F:\\BckupDara\\ChalngeHacktiv8\\FolderPhase Ulang\\Koma\\Server\\models\\city.js","statementMap":{"0":{"start":{"line":2,"column":18},"end":{"line":2,"column":38}},"1":{"start":{"line":3,"column":0},"end":{"line":19,"column":2}},"2":{"start":{"line":6,"column":6},"end":{"line":6,"column":42}},"3":{"start":{"line":9,"column":2},"end":{"line":17,"column":4}},"4":{"start":{"line":18,"column":2},"end":{"line":18,"column":14}}},"fnMap":{"0":{"name":"(anonymous_0)","decl":{"start":{"line":3,"column":17},"end":{"line":3,"column":18}},"loc":{"start":{"line":3,"column":43},"end":{"line":19,"column":1}},"line":3},"1":{"name":"(anonymous_1)","decl":{"start":{"line":5,"column":4},"end":{"line":5,"column":5}},"loc":{"start":{"line":5,"column":29},"end":{"line":7,"column":5}},"line":5}},"branchMap":{},"s":{"0":7,"1":7,"2":7,"3":7,"4":7},"f":{"0":7,"1":7},"b":{},"_coverageSchema":"1a1c01bbd47fc00a2c39e90264f33305004495a9","hash":"ce3d74e79f57ba545bd0554f015c6baef1d4f141"}
,"F:\\BckupDara\\ChalngeHacktiv8\\FolderPhase Ulang\\Koma\\Server\\models\\facilities.js": {"path":"F:\\BckupDara\\ChalngeHacktiv8\\FolderPhase Ulang\\Koma\\Server\\models\\facilities.js","statementMap":{"0":{"start":{"line":2,"column":18},"end":{"line":2,"column":38}},"1":{"start":{"line":3,"column":0},"end":{"line":19,"column":2}},"2":{"start":{"line":6,"column":6},"end":{"line":6,"column":56}},"3":{"start":{"line":9,"column":2},"end":{"line":17,"column":4}},"4":{"start":{"line":18,"column":2},"end":{"line":18,"column":20}}},"fnMap":{"0":{"name":"(anonymous_0)","decl":{"start":{"line":3,"column":17},"end":{"line":3,"column":18}},"loc":{"start":{"line":3,"column":43},"end":{"line":19,"column":1}},"line":3},"1":{"name":"(anonymous_1)","decl":{"start":{"line":5,"column":4},"end":{"line":5,"column":5}},"loc":{"start":{"line":5,"column":29},"end":{"line":7,"column":5}},"line":5}},"branchMap":{},"s":{"0":7,"1":7,"2":7,"3":7,"4":7},"f":{"0":7,"1":7},"b":{},"_coverageSchema":"1a1c01bbd47fc00a2c39e90264f33305004495a9","hash":"515bf10498d1a57734bc05f5c076d0d638177df2"}
,"F:\\BckupDara\\ChalngeHacktiv8\\FolderPhase Ulang\\Koma\\Server\\models\\images.js": {"path":"F:\\BckupDara\\ChalngeHacktiv8\\FolderPhase Ulang\\Koma\\Server\\models\\images.js","statementMap":{"0":{"start":{"line":2,"column":18},"end":{"line":2,"column":38}},"1":{"start":{"line":3,"column":0},"end":{"line":20,"column":2}},"2":{"start":{"line":6,"column":6},"end":{"line":6,"column":46}},"3":{"start":{"line":9,"column":2},"end":{"line":18,"column":4}},"4":{"start":{"line":19,"column":2},"end":{"line":19,"column":16}}},"fnMap":{"0":{"name":"(anonymous_0)","decl":{"start":{"line":3,"column":17},"end":{"line":3,"column":18}},"loc":{"start":{"line":3,"column":43},"end":{"line":20,"column":1}},"line":3},"1":{"name":"(anonymous_1)","decl":{"start":{"line":5,"column":4},"end":{"line":5,"column":5}},"loc":{"start":{"line":5,"column":29},"end":{"line":7,"column":5}},"line":5}},"branchMap":{},"s":{"0":7,"1":7,"2":7,"3":7,"4":7},"f":{"0":7,"1":7},"b":{},"_coverageSchema":"1a1c01bbd47fc00a2c39e90264f33305004495a9","hash":"a49051f6db4247a14ebb88630873f80740d204f2"}
,"F:\\BckupDara\\ChalngeHacktiv8\\FolderPhase Ulang\\Koma\\Server\\models\\index.js": {"path":"F:\\BckupDara\\ChalngeHacktiv8\\FolderPhase Ulang\\Koma\\Server\\models\\index.js","statementMap":{"0":{"start":{"line":3,"column":11},"end":{"line":3,"column":24}},"1":{"start":{"line":4,"column":13},"end":{"line":4,"column":28}},"2":{"start":{"line":5,"column":18},"end":{"line":5,"column":38}},"3":{"start":{"line":6,"column":17},"end":{"line":6,"column":42}},"4":{"start":{"line":7,"column":12},"end":{"line":7,"column":49}},"5":{"start":{"line":8,"column":15},"end":{"line":8,"column":65}},"6":{"start":{"line":9,"column":11},"end":{"line":9,"column":13}},"7":{"start":{"line":12,"column":0},"end":{"line":16,"column":1}},"8":{"start":{"line":13,"column":2},"end":{"line":13,"column":74}},"9":{"start":{"line":15,"column":2},"end":{"line":15,"column":87}},"10":{"start":{"line":18,"column":0},"end":{"line":26,"column":5}},"11":{"start":{"line":21,"column":4},"end":{"line":21,"column":90}},"12":{"start":{"line":24,"column":18},"end":{"line":24,"column":85}},"13":{"start":{"line":25,"column":4},"end":{"line":25,"column":27}},"14":{"start":{"line":28,"column":0},"end":{"line":32,"column":3}},"15":{"start":{"line":29,"column":2},"end":{"line":31,"column":3}},"16":{"start":{"line":30,"column":4},"end":{"line":30,"column":32}},"17":{"start":{"line":34,"column":0},"end":{"line":34,"column":25}},"18":{"start":{"line":35,"column":0},"end":{"line":35,"column":25}},"19":{"start":{"line":37,"column":0},"end":{"line":37,"column":20}}},"fnMap":{"0":{"name":"(anonymous_0)","decl":{"start":{"line":20,"column":10},"end":{"line":20,"column":11}},"loc":{"start":{"line":20,"column":18},"end":{"line":22,"column":3}},"line":20},"1":{"name":"(anonymous_1)","decl":{"start":{"line":23,"column":11},"end":{"line":23,"column":12}},"loc":{"start":{"line":23,"column":19},"end":{"line":26,"column":3}},"line":23},"2":{"name":"(anonymous_2)","decl":{"start":{"line":28,"column":24},"end":{"line":28,"column":25}},"loc":{"start":{"line":28,"column":37},"end":{"line":32,"column":1}},"line":28}},"branchMap":{"0":{"loc":{"start":{"line":7,"column":12},"end":{"line":7,"column":49}},"type":"binary-expr","locations":[{"start":{"line":7,"column":12},"end":{"line":7,"column":32}},{"start":{"line":7,"column":36},"end":{"line":7,"column":49}}],"line":7},"1":{"loc":{"start":{"line":12,"column":0},"end":{"line":16,"column":1}},"type":"if","locations":[{"start":{"line":12,"column":0},"end":{"line":16,"column":1}},{"start":{"line":14,"column":7},"end":{"line":16,"column":1}}],"line":12},"2":{"loc":{"start":{"line":21,"column":11},"end":{"line":21,"column":89}},"type":"binary-expr","locations":[{"start":{"line":21,"column":12},"end":{"line":21,"column":35}},{"start":{"line":21,"column":41},"end":{"line":21,"column":58}},{"start":{"line":21,"column":64},"end":{"line":21,"column":88}}],"line":21},"3":{"loc":{"start":{"line":29,"column":2},"end":{"line":31,"column":3}},"type":"if","locations":[{"start":{"line":29,"column":2},"end":{"line":31,"column":3}},{"start":{},"end":{}}],"line":29}},"s":{"0":7,"1":7,"2":7,"3":7,"4":7,"5":7,"6":7,"7":7,"8":0,"9":7,"10":7,"11":84,"12":77,"13":77,"14":7,"15":77,"16":77,"17":7,"18":7,"19":7},"f":{"0":84,"1":77,"2":77},"b":{"0":[7,0],"1":[0,7],"2":[84,84,77],"3":[77,0]},"_coverageSchema":"1a1c01bbd47fc00a2c39e90264f33305004495a9","hash":"2af3f5967a01ddbb9003c8555f443cd4686ad908"}
,"F:\\BckupDara\\ChalngeHacktiv8\\FolderPhase Ulang\\Koma\\Server\\models\\mybooking.js": {"path":"F:\\BckupDara\\ChalngeHacktiv8\\FolderPhase Ulang\\Koma\\Server\\models\\mybooking.js","statementMap":{"0":{"start":{"line":2,"column":18},"end":{"line":2,"column":38}},"1":{"start":{"line":3,"column":0},"end":{"line":23,"column":2}},"2":{"start":{"line":6,"column":6},"end":{"line":6,"column":49}},"3":{"start":{"line":7,"column":6},"end":{"line":7,"column":40}},"4":{"start":{"line":10,"column":2},"end":{"line":21,"column":4}},"5":{"start":{"line":22,"column":2},"end":{"line":22,"column":19}}},"fnMap":{"0":{"name":"(anonymous_0)","decl":{"start":{"line":3,"column":17},"end":{"line":3,"column":18}},"loc":{"start":{"line":3,"column":43},"end":{"line":23,"column":1}},"line":3},"1":{"name":"(anonymous_1)","decl":{"start":{"line":5,"column":4},"end":{"line":5,"column":5}},"loc":{"start":{"line":5,"column":29},"end":{"line":8,"column":5}},"line":5}},"branchMap":{},"s":{"0":7,"1":7,"2":7,"3":7,"4":7,"5":7},"f":{"0":7,"1":7},"b":{},"_coverageSchema":"1a1c01bbd47fc00a2c39e90264f33305004495a9","hash":"e5a527fc3fa3fa124520c0707b105e73595b8e77"}
,"F:\\BckupDara\\ChalngeHacktiv8\\FolderPhase Ulang\\Koma\\Server\\models\\rules.js": {"path":"F:\\BckupDara\\ChalngeHacktiv8\\FolderPhase Ulang\\Koma\\Server\\models\\rules.js","statementMap":{"0":{"start":{"line":2,"column":18},"end":{"line":2,"column":38}},"1":{"start":{"line":3,"column":0},"end":{"line":19,"column":2}},"2":{"start":{"line":6,"column":6},"end":{"line":6,"column":46}},"3":{"start":{"line":9,"column":2},"end":{"line":17,"column":4}},"4":{"start":{"line":18,"column":2},"end":{"line":18,"column":15}}},"fnMap":{"0":{"name":"(anonymous_0)","decl":{"start":{"line":3,"column":17},"end":{"line":3,"column":18}},"loc":{"start":{"line":3,"column":43},"end":{"line":19,"column":1}},"line":3},"1":{"name":"(anonymous_1)","decl":{"start":{"line":5,"column":4},"end":{"line":5,"column":5}},"loc":{"start":{"line":5,"column":29},"end":{"line":7,"column":5}},"line":5}},"branchMap":{},"s":{"0":7,"1":7,"2":7,"3":7,"4":7},"f":{"0":7,"1":7},"b":{},"_coverageSchema":"1a1c01bbd47fc00a2c39e90264f33305004495a9","hash":"a4afe394df877f5bec7e2ddc0a9cf7eb053cba42"}
,"F:\\BckupDara\\ChalngeHacktiv8\\FolderPhase Ulang\\Koma\\Server\\models\\users.js": {"path":"F:\\BckupDara\\ChalngeHacktiv8\\FolderPhase Ulang\\Koma\\Server\\models\\users.js","statementMap":{"0":{"start":{"line":2,"column":18},"end":{"line":2,"column":38}},"1":{"start":{"line":3,"column":25},"end":{"line":3,"column":54}},"2":{"start":{"line":4,"column":0},"end":{"line":50,"column":2}},"3":{"start":{"line":7,"column":6},"end":{"line":7,"column":43}},"4":{"start":{"line":8,"column":6},"end":{"line":8,"column":38}},"5":{"start":{"line":9,"column":6},"end":{"line":9,"column":37}},"6":{"start":{"line":12,"column":2},"end":{"line":45,"column":4}},"7":{"start":{"line":46,"column":2},"end":{"line":48,"column":5}},"8":{"start":{"line":47,"column":4},"end":{"line":47,"column":56}},"9":{"start":{"line":49,"column":2},"end":{"line":49,"column":15}}},"fnMap":{"0":{"name":"(anonymous_0)","decl":{"start":{"line":4,"column":17},"end":{"line":4,"column":18}},"loc":{"start":{"line":4,"column":43},"end":{"line":50,"column":1}},"line":4},"1":{"name":"(anonymous_1)","decl":{"start":{"line":6,"column":4},"end":{"line":6,"column":5}},"loc":{"start":{"line":6,"column":29},"end":{"line":10,"column":5}},"line":6},"2":{"name":"(anonymous_2)","decl":{"start":{"line":46,"column":21},"end":{"line":46,"column":22}},"loc":{"start":{"line":46,"column":43},"end":{"line":48,"column":3}},"line":46}},"branchMap":{},"s":{"0":7,"1":7,"2":7,"3":7,"4":7,"5":7,"6":7,"7":7,"8":9,"9":7},"f":{"0":7,"1":7,"2":9},"b":{},"_coverageSchema":"1a1c01bbd47fc00a2c39e90264f33305004495a9","hash":"ea5e25d4b34def15c61dec20dfb200e0357a21ce"}
,"F:\\BckupDara\\ChalngeHacktiv8\\FolderPhase Ulang\\Koma\\Server\\router\\admin.js": {"path":"F:\\BckupDara\\ChalngeHacktiv8\\FolderPhase Ulang\\Koma\\Server\\router\\admin.js","statementMap":{"0":{"start":{"line":1,"column":15},"end":{"line":1,"column":42}},"1":{"start":{"line":2,"column":24},"end":{"line":2,"column":65}},"2":{"start":{"line":3,"column":23},"end":{"line":3,"column":63}},"3":{"start":{"line":5,"column":0},"end":{"line":5,"column":74}},"4":{"start":{"line":6,"column":0},"end":{"line":10,"column":2}},"5":{"start":{"line":12,"column":0},"end":{"line":12,"column":24}}},"fnMap":{},"branchMap":{},"s":{"0":7,"1":7,"2":7,"3":7,"4":7,"5":7},"f":{},"b":{},"_coverageSchema":"1a1c01bbd47fc00a2c39e90264f33305004495a9","hash":"abae64859f19461c43ae5526647ac8dd9c05e831"}
,"F:\\BckupDara\\ChalngeHacktiv8\\FolderPhase Ulang\\Koma\\Server\\router\\index.js": {"path":"F:\\BckupDara\\ChalngeHacktiv8\\FolderPhase Ulang\\Koma\\Server\\router\\index.js","statementMap":{"0":{"start":{"line":1,"column":15},"end":{"line":1,"column":42}},"1":{"start":{"line":2,"column":21},"end":{"line":2,"column":46}},"2":{"start":{"line":3,"column":14},"end":{"line":3,"column":32}},"3":{"start":{"line":4,"column":23},"end":{"line":4,"column":63}},"4":{"start":{"line":5,"column":14},"end":{"line":5,"column":32}},"5":{"start":{"line":7,"column":0},"end":{"line":7,"column":51}},"6":{"start":{"line":8,"column":0},"end":{"line":8,"column":56}},"7":{"start":{"line":9,"column":0},"end":{"line":9,"column":46}},"8":{"start":{"line":10,"column":0},"end":{"line":10,"column":48}},"9":{"start":{"line":11,"column":0},"end":{"line":11,"column":28}},"10":{"start":{"line":12,"column":0},"end":{"line":12,"column":34}},"11":{"start":{"line":13,"column":0},"end":{"line":13,"column":28}},"12":{"start":{"line":15,"column":0},"end":{"line":15,"column":24}}},"fnMap":{},"branchMap":{},"s":{"0":7,"1":7,"2":7,"3":7,"4":7,"5":7,"6":7,"7":7,"8":7,"9":7,"10":7,"11":7,"12":7},"f":{},"b":{},"_coverageSchema":"1a1c01bbd47fc00a2c39e90264f33305004495a9","hash":"a2534bff529a90a19f7f95151a3f697d2a6d3419"}
,"F:\\BckupDara\\ChalngeHacktiv8\\FolderPhase Ulang\\Koma\\Server\\router\\owner.js": {"path":"F:\\BckupDara\\ChalngeHacktiv8\\FolderPhase Ulang\\Koma\\Server\\router\\owner.js","statementMap":{"0":{"start":{"line":1,"column":15},"end":{"line":1,"column":42}},"1":{"start":{"line":2,"column":23},"end":{"line":2,"column":63}},"2":{"start":{"line":3,"column":24},"end":{"line":3,"column":65}},"3":{"start":{"line":4,"column":27},"end":{"line":4,"column":71}},"4":{"start":{"line":5,"column":15},"end":{"line":5,"column":48}},"5":{"start":{"line":7,"column":0},"end":{"line":7,"column":58}},"6":{"start":{"line":9,"column":0},"end":{"line":13,"column":2}},"7":{"start":{"line":15,"column":0},"end":{"line":15,"column":77}},"8":{"start":{"line":16,"column":0},"end":{"line":20,"column":2}},"9":{"start":{"line":22,"column":0},"end":{"line":26,"column":2}},"10":{"start":{"line":27,"column":0},"end":{"line":27,"column":80}},"11":{"start":{"line":29,"column":0},"end":{"line":33,"column":2}},"12":{"start":{"line":35,"column":0},"end":{"line":40,"column":2}},"13":{"start":{"line":42,"column":0},"end":{"line":42,"column":76}},"14":{"start":{"line":44,"column":0},"end":{"line":44,"column":24}}},"fnMap":{},"branchMap":{},"s":{"0":7,"1":7,"2":7,"3":7,"4":7,"5":7,"6":7,"7":7,"8":7,"9":7,"10":7,"11":7,"12":7,"13":7,"14":7},"f":{},"b":{},"_coverageSchema":"1a1c01bbd47fc00a2c39e90264f33305004495a9","hash":"bc524308638d2122c6a09a8708c48480a811292b"}
,"F:\\BckupDara\\ChalngeHacktiv8\\FolderPhase Ulang\\Koma\\Server\\router\\routerClient.js": {"path":"F:\\BckupDara\\ChalngeHacktiv8\\FolderPhase Ulang\\Koma\\Server\\router\\routerClient.js","statementMap":{"0":{"start":{"line":1,"column":15},"end":{"line":1,"column":42}},"1":{"start":{"line":2,"column":25},"end":{"line":2,"column":67}},"2":{"start":{"line":3,"column":23},"end":{"line":3,"column":63}},"3":{"start":{"line":5,"column":0},"end":{"line":5,"column":58}},"4":{"start":{"line":7,"column":0},"end":{"line":7,"column":63}},"5":{"start":{"line":8,"column":0},"end":{"line":8,"column":66}},"6":{"start":{"line":9,"column":0},"end":{"line":9,"column":69}},"7":{"start":{"line":11,"column":0},"end":{"line":11,"column":71}},"8":{"start":{"line":12,"column":0},"end":{"line":16,"column":2}},"9":{"start":{"line":18,"column":0},"end":{"line":22,"column":2}},"10":{"start":{"line":23,"column":0},"end":{"line":27,"column":2}},"11":{"start":{"line":29,"column":0},"end":{"line":29,"column":69}},"12":{"start":{"line":30,"column":0},"end":{"line":30,"column":78}},"13":{"start":{"line":31,"column":0},"end":{"line":31,"column":80}},"14":{"start":{"line":33,"column":0},"end":{"line":33,"column":24}}},"fnMap":{},"branchMap":{},"s":{"0":7,"1":7,"2":7,"3":7,"4":7,"5":7,"6":7,"7":7,"8":7,"9":7,"10":7,"11":7,"12":7,"13":7,"14":7},"f":{},"b":{},"_coverageSchema":"1a1c01bbd47fc00a2c39e90264f33305004495a9","hash":"d9a56e5faf2876ee3a51adf4d3418fbaff3c219a"}
}
