TN:
SF:app.js
FNF:0
FNH:0
DA:1,6
DA:2,6
DA:4,6
DA:5,6
DA:6,6
DA:7,6
DA:8,6
DA:9,6
DA:11,6
DA:12,6
DA:13,6
DA:15,6
DA:16,6
DA:18,6
LF:14
LH:14
BRDA:1,0,0,6
BRDA:1,0,1,0
BRDA:6,1,0,6
BRDA:6,1,1,6
BRF:4
BRH:3
end_of_record
TN:
SF:controllers\OwnerController.js
FN:20,(anonymous_0)
FN:41,(anonymous_1)
FN:53,(anonymous_2)
FN:77,(anonymous_3)
FN:120,(anonymous_4)
FN:124,(anonymous_5)
FN:128,(anonymous_6)
FN:142,(anonymous_7)
FN:185,(anonymous_8)
FN:193,(anonymous_9)
FN:200,(anonymous_10)
FN:217,(anonymous_11)
FNF:12
FNH:1
FNDA:7,(anonymous_0)
FNDA:0,(anonymous_1)
FNDA:0,(anonymous_2)
FNDA:0,(anonymous_3)
FNDA:0,(anonymous_4)
FNDA:0,(anonymous_5)
FNDA:0,(anonymous_6)
FNDA:0,(anonymous_7)
FNDA:0,(anonymous_8)
FNDA:0,(anonymous_9)
FNDA:0,(anonymous_10)
FNDA:0,(anonymous_11)
DA:13,6
DA:14,6
DA:19,6
DA:21,7
DA:22,7
DA:23,7
DA:24,7
DA:32,1
DA:36,6
DA:37,6
DA:42,0
DA:43,0
DA:47,0
DA:49,0
DA:54,0
DA:55,0
DA:71,0
DA:73,0
DA:78,0
DA:79,0
DA:92,0
DA:93,0
DA:94,0
DA:99,0
DA:100,0
DA:101,0
DA:102,0
DA:104,0
DA:105,0
DA:120,0
DA:121,0
DA:123,0
DA:124,0
DA:125,0
DA:127,0
DA:128,0
DA:129,0
DA:131,0
DA:132,0
DA:133,0
DA:137,0
DA:138,0
DA:143,0
DA:144,0
DA:145,0
DA:158,0
DA:159,0
DA:160,0
DA:165,0
DA:166,0
DA:167,0
DA:168,0
DA:170,0
DA:185,0
DA:186,0
DA:188,0
DA:192,0
DA:193,0
DA:194,0
DA:196,0
DA:199,0
DA:200,0
DA:201,0
DA:203,0
DA:206,0
DA:207,0
DA:208,0
DA:212,0
DA:213,0
DA:218,0
DA:219,0
DA:220,0
DA:221,0
DA:222,0
DA:223,0
DA:225,0
LF:76
LH:10
BRDA:221,0,0,0
BRDA:221,0,1,0
BRF:2
BRH:0
end_of_record
TN:
SF:controllers\adminController.js
FN:18,(anonymous_0)
FN:43,(anonymous_1)
FNF:2
FNH:2
FNDA:1,(anonymous_0)
FNDA:2,(anonymous_1)
DA:15,6
DA:19,1
DA:20,1
DA:37,1
DA:39,0
DA:44,2
DA:45,2
DA:47,2
DA:49,2
DA:50,1
DA:53,1
DA:57,1
DA:61,1
DA:66,6
LF:14
LH:13
BRDA:49,0,0,1
BRDA:49,0,1,1
BRF:2
BRH:2
end_of_record
TN:
SF:controllers\controllerClient.js
FN:25,(anonymous_0)
FN:50,(anonymous_1)
FN:75,(anonymous_2)
FN:131,(anonymous_3)
FN:151,(anonymous_4)
FN:174,(anonymous_5)
FN:198,(anonymous_6)
FNF:7
FNH:6
FNDA:7,(anonymous_0)
FNDA:2,(anonymous_1)
FNDA:2,(anonymous_2)
FNDA:2,(anonymous_3)
FNDA:2,(anonymous_4)
FNDA:1,(anonymous_5)
FNDA:0,(anonymous_6)
DA:15,6
DA:21,6
DA:22,6
DA:26,7
DA:27,7
DA:28,7
DA:36,7
DA:38,7
DA:40,1
DA:45,6
DA:46,6
DA:51,2
DA:52,2
DA:69,1
DA:71,1
DA:76,2
DA:77,2
DA:79,2
DA:125,1
DA:127,1
DA:132,2
DA:133,2
DA:134,2
DA:145,1
DA:147,1
DA:152,2
DA:153,2
DA:154,2
DA:156,2
DA:158,2
DA:159,0
DA:162,2
DA:167,2
DA:168,2
DA:170,0
DA:175,1
DA:176,1
DA:178,1
DA:180,1
DA:181,0
DA:184,1
DA:190,1
DA:194,0
DA:199,0
DA:200,0
DA:202,0
DA:209,0
DA:222,0
DA:223,0
DA:225,0
DA:230,0
DA:235,6
LF:52
LH:40
BRDA:158,0,0,0
BRDA:158,0,1,2
BRDA:180,1,0,0
BRDA:180,1,1,1
BRF:4
BRH:2
end_of_record
TN:
SF:controllers\mainController.js
FN:5,(anonymous_0)
FN:27,(anonymous_1)
FN:36,(anonymous_2)
FN:45,(anonymous_3)
FNF:4
FNH:4
FNDA:6,(anonymous_0)
FNDA:2,(anonymous_1)
FNDA:2,(anonymous_2)
FNDA:2,(anonymous_3)
DA:1,6
DA:2,6
DA:4,6
DA:6,6
DA:7,6
DA:8,6
DA:9,6
DA:10,4
DA:11,3
DA:16,3
DA:22,3
DA:23,3
DA:28,2
DA:29,2
DA:30,1
DA:32,1
DA:37,2
DA:38,2
DA:39,1
DA:41,1
DA:46,2
DA:47,2
DA:48,1
DA:50,1
LF:24
LH:24
BRDA:9,0,0,2
BRDA:9,0,1,4
BRDA:10,1,0,1
BRDA:10,1,1,3
BRF:4
BRH:4
end_of_record
TN:
SF:helpers\helpers.js
FN:4,signToken
FN:8,verifyToken
FN:12,hashPassword
FN:16,compareHash
FNF:4
FNH:4
FNDA:7,signToken
FNDA:9,verifyToken
FNDA:9,hashPassword
FNDA:4,compareHash
DA:1,6
DA:2,6
DA:5,7
DA:9,9
DA:13,9
DA:17,4
DA:20,6
LF:7
LH:7
BRF:0
BRH:0
end_of_record
TN:
SF:middlewares\authentication.js
FN:4,(anonymous_0)
FNF:1
FNH:1
FNDA:9,(anonymous_0)
DA:1,6
DA:2,6
DA:4,6
DA:5,9
DA:6,9
DA:7,9
DA:9,8
DA:10,8
DA:11,0
DA:13,8
DA:18,8
DA:20,1
DA:24,6
LF:13
LH:12
BRDA:10,0,0,0
BRDA:10,0,1,8
BRF:2
BRH:1
end_of_record
TN:
SF:middlewares\errorHandlers.js
FN:1,errorHandler
FN:15,(anonymous_1)
FNF:2
FNH:2
FNDA:23,errorHandler
FNDA:16,(anonymous_1)
DA:2,23
DA:3,23
DA:5,1
DA:6,1
DA:8,3
DA:9,3
DA:11,1
DA:12,1
DA:14,12
DA:15,16
DA:16,12
DA:17,12
DA:19,0
DA:21,6
DA:22,6
DA:26,6
LF:16
LH:15
BRDA:3,0,0,1
BRDA:3,0,1,3
BRDA:3,0,2,1
BRDA:3,0,3,12
BRDA:3,0,4,0
BRDA:3,0,5,6
BRF:6
BRH:5
end_of_record
TN:
SF:models\boardinghousefacilities.js
FN:3,(anonymous_0)
FN:5,(anonymous_1)
FNF:2
FNH:2
FNDA:6,(anonymous_0)
FNDA:6,(anonymous_1)
DA:2,6
DA:3,6
DA:6,6
DA:7,6
DA:10,6
DA:20,6
LF:6
LH:6
BRF:0
BRH:0
end_of_record
TN:
SF:models\boardinghouserules.js
FN:3,(anonymous_0)
FN:5,(anonymous_1)
FNF:2
FNH:2
FNDA:6,(anonymous_0)
FNDA:6,(anonymous_1)
DA:2,6
DA:3,6
DA:6,6
DA:7,6
DA:10,6
DA:20,6
LF:6
LH:6
BRF:0
BRH:0
end_of_record
TN:
SF:models\boardinghouses.js
FN:3,(anonymous_0)
FN:5,(anonymous_1)
FN:35,(anonymous_2)
FNF:3
FNH:3
FNDA:6,(anonymous_0)
FNDA:6,(anonymous_1)
FNDA:2,(anonymous_2)
DA:2,6
DA:3,6
DA:6,6
DA:7,6
DA:8,6
DA:9,6
DA:10,6
DA:11,6
DA:12,6
DA:13,6
DA:16,6
DA:35,6
DA:36,2
DA:38,6
LF:14
LH:14
BRF:0
BRH:0
end_of_record
TN:
SF:models\bookmarks.js
FN:3,(anonymous_0)
FN:5,(anonymous_1)
FNF:2
FNH:2
FNDA:6,(anonymous_0)
FNDA:6,(anonymous_1)
DA:2,6
DA:3,6
DA:6,6
DA:9,6
DA:19,6
LF:5
LH:5
BRF:0
BRH:0
end_of_record
TN:
SF:models\categories.js
FN:3,(anonymous_0)
FN:5,(anonymous_1)
FNF:2
FNH:2
FNDA:6,(anonymous_0)
FNDA:6,(anonymous_1)
DA:2,6
DA:3,6
DA:6,6
DA:9,6
DA:18,6
LF:5
LH:5
BRF:0
BRH:0
end_of_record
TN:
SF:models\city.js
FN:3,(anonymous_0)
FN:5,(anonymous_1)
FNF:2
FNH:2
FNDA:6,(anonymous_0)
FNDA:6,(anonymous_1)
DA:2,6
DA:3,6
DA:6,6
DA:9,6
DA:18,6
LF:5
LH:5
BRF:0
BRH:0
end_of_record
TN:
SF:models\facilities.js
FN:3,(anonymous_0)
FN:5,(anonymous_1)
FNF:2
FNH:2
FNDA:6,(anonymous_0)
FNDA:6,(anonymous_1)
DA:2,6
DA:3,6
DA:6,6
DA:9,6
DA:18,6
LF:5
LH:5
BRF:0
BRH:0
end_of_record
TN:
SF:models\images.js
FN:3,(anonymous_0)
FN:5,(anonymous_1)
FNF:2
FNH:2
FNDA:6,(anonymous_0)
FNDA:6,(anonymous_1)
DA:2,6
DA:3,6
DA:6,6
DA:9,6
DA:19,6
LF:5
LH:5
BRF:0
BRH:0
end_of_record
TN:
SF:models\index.js
FN:20,(anonymous_0)
FN:23,(anonymous_1)
FN:28,(anonymous_2)
FNF:3
FNH:3
FNDA:72,(anonymous_0)
FNDA:66,(anonymous_1)
FNDA:66,(anonymous_2)
DA:3,6
DA:4,6
DA:5,6
DA:6,6
DA:7,6
DA:8,6
DA:9,6
DA:12,6
DA:13,0
DA:15,6
DA:18,6
DA:21,72
DA:24,66
DA:25,66
DA:28,6
DA:29,66
DA:30,66
DA:34,6
DA:35,6
DA:37,6
LF:20
LH:19
BRDA:7,0,0,6
BRDA:7,0,1,0
BRDA:12,1,0,0
BRDA:12,1,1,6
BRDA:21,2,0,72
BRDA:21,2,1,72
BRDA:21,2,2,66
BRDA:29,3,0,66
BRDA:29,3,1,0
BRF:9
BRH:6
end_of_record
TN:
SF:models\mybooking.js
FN:3,(anonymous_0)
FN:5,(anonymous_1)
FNF:2
FNH:2
FNDA:6,(anonymous_0)
FNDA:6,(anonymous_1)
DA:2,6
DA:3,6
DA:6,6
DA:7,6
DA:10,6
DA:21,6
LF:6
LH:6
BRF:0
BRH:0
end_of_record
TN:
SF:models\rules.js
FN:3,(anonymous_0)
FN:5,(anonymous_1)
FNF:2
FNH:2
FNDA:6,(anonymous_0)
FNDA:6,(anonymous_1)
DA:2,6
DA:3,6
DA:6,6
DA:9,6
DA:18,6
LF:5
LH:5
BRF:0
BRH:0
end_of_record
TN:
SF:models\users.js
FN:4,(anonymous_0)
FN:6,(anonymous_1)
FN:46,(anonymous_2)
FNF:3
FNH:3
FNDA:6,(anonymous_0)
FNDA:6,(anonymous_1)
FNDA:7,(anonymous_2)
DA:2,6
DA:3,6
DA:4,6
DA:7,6
DA:8,6
DA:9,6
DA:12,6
DA:46,6
DA:47,7
DA:49,6
LF:10
LH:10
BRF:0
BRH:0
end_of_record
TN:
SF:router\admin.js
FNF:0
FNH:0
DA:1,6
DA:2,6
DA:3,6
DA:5,6
DA:6,6
DA:12,6
LF:6
LH:6
BRF:0
BRH:0
end_of_record
TN:
SF:router\index.js
FNF:0
FNH:0
DA:1,6
DA:2,6
DA:3,6
DA:4,6
DA:5,6
DA:7,6
DA:8,6
DA:9,6
DA:10,6
DA:11,6
DA:12,6
DA:13,6
DA:15,6
LF:13
LH:13
BRF:0
BRH:0
end_of_record
TN:
SF:router\owner.js
FNF:0
FNH:0
DA:1,6
DA:2,6
DA:3,6
DA:5,6
DA:7,6
DA:12,6
DA:17,6
DA:19,6
DA:25,6
DA:31,6
LF:10
LH:10
BRF:0
BRH:0
end_of_record
TN:
SF:router\routerClient.js
FNF:0
FNH:0
DA:1,6
DA:2,6
DA:3,6
DA:4,6
DA:6,6
DA:7,6
DA:8,6
DA:10,6
DA:11,6
DA:12,6
DA:14,6
LF:11
LH:11
BRF:0
BRH:0
end_of_record
