TN:
SF:app.js
FNF:0
FNH:0
DA:1,6
DA:2,6
DA:4,6
DA:5,6
DA:6,6
DA:7,6
DA:8,6
DA:9,6
DA:10,6
DA:12,6
DA:13,6
DA:14,6
DA:15,6
DA:17,6
DA:18,6
DA:20,6
LF:16
LH:16
BRDA:1,0,0,6
BRDA:1,0,1,0
BRDA:6,1,0,6
BRDA:6,1,1,6
BRF:4
BRH:3
end_of_record
TN:
SF:controllers\OwnerController.js
FN:22,(anonymous_0)
FN:43,(anonymous_1)
FN:57,(anonymous_2)
FN:81,(anonymous_3)
FN:131,(anonymous_4)
FN:139,(anonymous_5)
FN:154,(anonymous_6)
FN:201,(anonymous_7)
FN:216,(anonymous_8)
FN:235,(anonymous_9)
FN:248,(anonymous_10)
FN:256,(anonymous_11)
FN:290,(anonymous_12)
FNF:13
FNH:0
FNDA:0,(anonymous_0)
FNDA:0,(anonymous_1)
FNDA:0,(anonymous_2)
FNDA:0,(anonymous_3)
FNDA:0,(anonymous_4)
FNDA:0,(anonymous_5)
FNDA:0,(anonymous_6)
FNDA:0,(anonymous_7)
FNDA:0,(anonymous_8)
FNDA:0,(anonymous_9)
FNDA:0,(anonymous_10)
FNDA:0,(anonymous_11)
FNDA:0,(anonymous_12)
DA:15,6
DA:16,6
DA:21,6
DA:23,0
DA:24,0
DA:25,0
DA:26,0
DA:34,0
DA:38,0
DA:39,0
DA:44,0
DA:45,0
DA:50,0
DA:52,0
DA:53,0
DA:58,0
DA:59,0
DA:75,0
DA:77,0
DA:82,0
DA:83,0
DA:96,0
DA:98,0
DA:100,0
DA:101,0
DA:106,0
DA:107,0
DA:109,0
DA:110,0
DA:111,0
DA:112,0
DA:115,0
DA:116,0
DA:131,0
DA:132,0
DA:134,0
DA:139,0
DA:140,0
DA:142,0
DA:143,0
DA:144,0
DA:148,0
DA:149,0
DA:150,0
DA:155,0
DA:156,0
DA:157,0
DA:170,0
DA:171,0
DA:172,0
DA:174,0
DA:175,0
DA:180,0
DA:181,0
DA:182,0
DA:183,0
DA:185,0
DA:200,0
DA:201,0
DA:202,0
DA:204,0
DA:208,0
DA:216,0
DA:217,0
DA:219,0
DA:223,0
DA:224,0
DA:225,0
DA:229,0
DA:230,0
DA:231,0
DA:236,0
DA:237,0
DA:238,0
DA:239,0
DA:240,0
DA:241,0
DA:242,0
DA:244,0
DA:250,0
DA:252,0
DA:253,0
DA:257,0
DA:258,0
DA:260,0
DA:284,0
DA:286,0
DA:291,0
DA:292,0
DA:294,0
DA:296,0
DA:297,0
DA:300,0
DA:306,0
DA:308,0
LF:95
LH:3
BRDA:106,0,0,0
BRDA:106,0,1,0
BRDA:106,1,0,0
BRDA:106,1,1,0
BRDA:200,2,0,0
BRDA:200,2,1,0
BRDA:240,3,0,0
BRDA:240,3,1,0
BRDA:296,4,0,0
BRDA:296,4,1,0
BRF:10
BRH:0
end_of_record
TN:
SF:controllers\adminController.js
FN:18,(anonymous_0)
FN:43,(anonymous_1)
FNF:2
FNH:0
FNDA:0,(anonymous_0)
FNDA:0,(anonymous_1)
DA:15,6
DA:19,0
DA:20,0
DA:37,0
DA:39,0
DA:44,0
DA:45,0
DA:47,0
DA:49,0
DA:50,0
DA:53,0
DA:57,0
DA:61,0
DA:66,6
LF:14
LH:2
BRDA:49,0,0,0
BRDA:49,0,1,0
BRF:2
BRH:0
end_of_record
TN:
SF:controllers\controllerClient.js
FN:32,(anonymous_0)
FN:57,(anonymous_1)
FN:91,(anonymous_2)
FN:147,(anonymous_3)
FN:192,(anonymous_4)
FN:237,(anonymous_5)
FN:268,(anonymous_6)
FN:292,(anonymous_7)
FN:318,(anonymous_8)
FN:353,(anonymous_9)
FN:377,(anonymous_10)
FN:417,(anonymous_11)
FNF:12
FNH:2
FNDA:0,(anonymous_0)
FNDA:2,(anonymous_1)
FNDA:2,(anonymous_2)
FNDA:0,(anonymous_3)
FNDA:0,(anonymous_4)
FNDA:0,(anonymous_5)
FNDA:0,(anonymous_6)
FNDA:0,(anonymous_7)
FNDA:0,(anonymous_8)
FNDA:0,(anonymous_9)
FNDA:0,(anonymous_10)
FNDA:0,(anonymous_11)
DA:3,6
DA:24,6
DA:25,6
DA:26,6
DA:33,0
DA:34,0
DA:35,0
DA:43,0
DA:45,0
DA:47,0
DA:52,0
DA:53,0
DA:58,2
DA:59,2
DA:61,2
DA:77,2
DA:78,0
DA:83,2
DA:85,0
DA:87,2
DA:92,2
DA:93,2
DA:95,2
DA:141,0
DA:143,2
DA:148,0
DA:149,0
DA:150,0
DA:186,0
DA:188,0
DA:193,0
DA:194,0
DA:195,0
DA:231,0
DA:233,0
DA:238,0
DA:239,0
DA:240,0
DA:241,0
DA:247,0
DA:249,0
DA:250,0
DA:253,0
DA:260,0
DA:261,0
DA:263,0
DA:264,0
DA:269,0
DA:270,0
DA:271,0
DA:273,0
DA:275,0
DA:276,0
DA:279,0
DA:284,0
DA:285,0
DA:287,0
DA:288,0
DA:293,0
DA:294,0
DA:295,0
DA:297,0
DA:299,0
DA:300,0
DA:303,0
DA:309,0
DA:313,0
DA:314,0
DA:319,0
DA:320,0
DA:321,0
DA:323,0
DA:325,0
DA:326,0
DA:329,0
DA:339,0
DA:341,0
DA:342,0
DA:345,0
DA:349,0
DA:354,0
DA:355,0
DA:357,0
DA:359,0
DA:360,0
DA:369,0
DA:373,0
DA:378,0
DA:379,0
DA:381,0
DA:383,0
DA:390,0
DA:403,0
DA:404,0
DA:406,0
DA:408,0
DA:413,0
DA:418,0
DA:419,0
DA:421,0
DA:422,0
DA:427,0
DA:428,0
DA:429,0
DA:430,0
DA:431,0
DA:432,0
DA:433,0
DA:435,0
DA:436,0
DA:437,0
DA:438,0
DA:439,0
DA:465,0
DA:466,0
DA:468,0
DA:473,6
LF:117
LH:15
BRDA:77,0,0,0
BRDA:77,0,1,2
BRDA:249,1,0,0
BRDA:249,1,1,0
BRDA:275,2,0,0
BRDA:275,2,1,0
BRDA:299,3,0,0
BRDA:299,3,1,0
BRDA:325,4,0,0
BRDA:325,4,1,0
BRDA:341,5,0,0
BRDA:341,5,1,0
BRDA:359,6,0,0
BRDA:359,6,1,0
BRDA:428,7,0,0
BRDA:428,7,1,0
BRF:16
BRH:1
end_of_record
TN:
SF:controllers\mainController.js
FN:5,(anonymous_0)
FN:28,(anonymous_1)
FN:37,(anonymous_2)
FN:46,(anonymous_3)
FNF:4
FNH:3
FNDA:0,(anonymous_0)
FNDA:2,(anonymous_1)
FNDA:2,(anonymous_2)
FNDA:2,(anonymous_3)
DA:1,6
DA:2,6
DA:4,6
DA:6,0
DA:7,0
DA:8,0
DA:9,0
DA:10,0
DA:11,0
DA:16,0
DA:23,0
DA:24,0
DA:29,2
DA:30,2
DA:31,0
DA:33,2
DA:38,2
DA:39,2
DA:40,0
DA:42,2
DA:47,2
DA:48,2
DA:49,0
DA:51,2
LF:24
LH:12
BRDA:9,0,0,0
BRDA:9,0,1,0
BRDA:10,1,0,0
BRDA:10,1,1,0
BRF:4
BRH:0
end_of_record
TN:
SF:helpers\helpers.js
FN:4,signToken
FN:8,verifyToken
FN:12,hashPassword
FN:16,compareHash
FNF:4
FNH:2
FNDA:0,signToken
FNDA:22,verifyToken
FNDA:3,hashPassword
FNDA:0,compareHash
DA:1,6
DA:2,6
DA:5,0
DA:9,22
DA:13,3
DA:17,0
DA:20,6
LF:7
LH:5
BRF:0
BRH:0
end_of_record
TN:
SF:middlewares\authentication.js
FN:4,(anonymous_0)
FNF:1
FNH:1
FNDA:22,(anonymous_0)
DA:1,6
DA:2,6
DA:4,6
DA:5,22
DA:6,22
DA:7,22
DA:8,22
DA:10,0
DA:11,0
DA:12,0
DA:14,0
DA:19,0
DA:21,22
DA:25,6
LF:14
LH:9
BRDA:11,0,0,0
BRDA:11,0,1,0
BRF:2
BRH:0
end_of_record
TN:
SF:middlewares\authorizationOwner.js
FN:3,(anonymous_0)
FNF:1
FNH:0
FNDA:0,(anonymous_0)
DA:1,6
DA:3,6
DA:4,0
DA:5,0
DA:6,0
DA:8,0
DA:9,0
DA:12,0
DA:14,0
DA:15,0
DA:17,0
DA:18,0
DA:21,0
DA:23,0
DA:27,6
LF:15
LH:3
BRDA:8,0,0,0
BRDA:8,0,1,0
BRDA:14,1,0,0
BRDA:14,1,1,0
BRDA:17,2,0,0
BRDA:17,2,1,0
BRDA:17,3,0,0
BRDA:17,3,1,0
BRF:8
BRH:0
end_of_record
TN:
SF:middlewares\errorHandlers.js
FN:1,errorHandler
FN:15,(anonymous_1)
FNF:2
FNH:1
FNDA:32,errorHandler
FNDA:0,(anonymous_1)
DA:2,32
DA:3,32
DA:5,22
DA:6,22
DA:8,0
DA:9,0
DA:11,0
DA:12,0
DA:14,0
DA:15,0
DA:16,0
DA:17,0
DA:19,0
DA:20,0
DA:22,10
DA:23,10
DA:27,6
LF:17
LH:7
BRDA:3,0,0,22
BRDA:3,0,1,0
BRDA:3,0,2,0
BRDA:3,0,3,0
BRDA:3,0,4,0
BRDA:3,0,5,10
BRF:6
BRH:2
end_of_record
TN:
SF:middlewares\storage.js
FN:5,(anonymous_0)
FN:8,(anonymous_1)
FNF:2
FNH:0
FNDA:0,(anonymous_0)
FNDA:0,(anonymous_1)
DA:1,6
DA:2,6
DA:4,6
DA:6,0
DA:9,0
DA:19,6
DA:21,6
LF:7
LH:5
BRF:0
BRH:0
end_of_record
TN:
SF:models\boardinghousefacilities.js
FN:3,(anonymous_0)
FN:5,(anonymous_1)
FNF:2
FNH:2
FNDA:6,(anonymous_0)
FNDA:6,(anonymous_1)
DA:2,6
DA:3,6
DA:6,6
DA:7,6
DA:10,6
DA:20,6
LF:6
LH:6
BRF:0
BRH:0
end_of_record
TN:
SF:models\boardinghouserules.js
FN:3,(anonymous_0)
FN:5,(anonymous_1)
FNF:2
FNH:2
FNDA:6,(anonymous_0)
FNDA:6,(anonymous_1)
DA:2,6
DA:3,6
DA:6,6
DA:7,6
DA:10,6
DA:20,6
LF:6
LH:6
BRF:0
BRH:0
end_of_record
TN:
SF:models\boardinghouses.js
FN:3,(anonymous_0)
FN:5,(anonymous_1)
FN:35,(anonymous_2)
FNF:3
FNH:2
FNDA:6,(anonymous_0)
FNDA:6,(anonymous_1)
FNDA:0,(anonymous_2)
DA:2,6
DA:3,6
DA:6,6
DA:7,6
DA:8,6
DA:9,6
DA:10,6
DA:11,6
DA:12,6
DA:13,6
DA:16,6
DA:35,6
DA:36,0
DA:38,6
LF:14
LH:13
BRF:0
BRH:0
end_of_record
TN:
SF:models\bookmarks.js
FN:3,(anonymous_0)
FN:5,(anonymous_1)
FNF:2
FNH:2
FNDA:6,(anonymous_0)
FNDA:6,(anonymous_1)
DA:2,6
DA:3,6
DA:6,6
DA:9,6
DA:19,6
LF:5
LH:5
BRF:0
BRH:0
end_of_record
TN:
SF:models\categories.js
FN:3,(anonymous_0)
FN:5,(anonymous_1)
FNF:2
FNH:2
FNDA:6,(anonymous_0)
FNDA:6,(anonymous_1)
DA:2,6
DA:3,6
DA:6,6
DA:9,6
DA:18,6
LF:5
LH:5
BRF:0
BRH:0
end_of_record
TN:
SF:models\city.js
FN:3,(anonymous_0)
FN:5,(anonymous_1)
FNF:2
FNH:2
FNDA:6,(anonymous_0)
FNDA:6,(anonymous_1)
DA:2,6
DA:3,6
DA:6,6
DA:9,6
DA:18,6
LF:5
LH:5
BRF:0
BRH:0
end_of_record
TN:
SF:models\facilities.js
FN:3,(anonymous_0)
FN:5,(anonymous_1)
FNF:2
FNH:2
FNDA:6,(anonymous_0)
FNDA:6,(anonymous_1)
DA:2,6
DA:3,6
DA:6,6
DA:9,6
DA:18,6
LF:5
LH:5
BRF:0
BRH:0
end_of_record
TN:
SF:models\images.js
FN:3,(anonymous_0)
FN:5,(anonymous_1)
FNF:2
FNH:2
FNDA:6,(anonymous_0)
FNDA:6,(anonymous_1)
DA:2,6
DA:3,6
DA:6,6
DA:9,6
DA:19,6
LF:5
LH:5
BRF:0
BRH:0
end_of_record
TN:
SF:models\index.js
FN:20,(anonymous_0)
FN:23,(anonymous_1)
FN:28,(anonymous_2)
FNF:3
FNH:3
FNDA:72,(anonymous_0)
FNDA:66,(anonymous_1)
FNDA:66,(anonymous_2)
DA:3,6
DA:4,6
DA:5,6
DA:6,6
DA:7,6
DA:8,6
DA:9,6
DA:12,6
DA:13,0
DA:15,6
DA:18,6
DA:21,72
DA:24,66
DA:25,66
DA:28,6
DA:29,66
DA:30,66
DA:34,6
DA:35,6
DA:37,6
LF:20
LH:19
BRDA:7,0,0,6
BRDA:7,0,1,0
BRDA:12,1,0,0
BRDA:12,1,1,6
BRDA:21,2,0,72
BRDA:21,2,1,72
BRDA:21,2,2,66
BRDA:29,3,0,66
BRDA:29,3,1,0
BRF:9
BRH:6
end_of_record
TN:
SF:models\mybooking.js
FN:3,(anonymous_0)
FN:5,(anonymous_1)
FNF:2
FNH:2
FNDA:6,(anonymous_0)
FNDA:6,(anonymous_1)
DA:2,6
DA:3,6
DA:6,6
DA:7,6
DA:10,6
DA:22,6
LF:6
LH:6
BRF:0
BRH:0
end_of_record
TN:
SF:models\rules.js
FN:3,(anonymous_0)
FN:5,(anonymous_1)
FNF:2
FNH:2
FNDA:6,(anonymous_0)
FNDA:6,(anonymous_1)
DA:2,6
DA:3,6
DA:6,6
DA:9,6
DA:18,6
LF:5
LH:5
BRF:0
BRH:0
end_of_record
TN:
SF:models\users.js
FN:4,(anonymous_0)
FN:6,(anonymous_1)
FN:46,(anonymous_2)
FNF:3
FNH:3
FNDA:6,(anonymous_0)
FNDA:6,(anonymous_1)
FNDA:3,(anonymous_2)
DA:2,6
DA:3,6
DA:4,6
DA:7,6
DA:8,6
DA:9,6
DA:12,6
DA:46,6
DA:47,3
DA:49,6
LF:10
LH:10
BRF:0
BRH:0
end_of_record
TN:
SF:router\admin.js
FNF:0
FNH:0
DA:1,6
DA:2,6
DA:3,6
DA:5,6
DA:6,6
DA:12,6
LF:6
LH:6
BRF:0
BRH:0
end_of_record
TN:
SF:router\index.js
FNF:0
FNH:0
DA:1,6
DA:2,6
DA:3,6
DA:4,6
DA:5,6
DA:7,6
DA:8,6
DA:9,6
DA:10,6
DA:11,6
DA:12,6
DA:13,6
DA:15,6
LF:13
LH:13
BRF:0
BRH:0
end_of_record
TN:
SF:router\owner.js
FNF:0
FNH:0
DA:1,6
DA:2,6
DA:3,6
DA:4,6
DA:5,6
DA:7,6
DA:9,6
DA:15,6
DA:20,6
DA:22,6
DA:28,6
DA:35,6
DA:36,6
DA:42,6
DA:44,6
LF:15
LH:15
BRF:0
BRH:0
end_of_record
TN:
SF:router\routerClient.js
FNF:0
FNH:0
DA:1,6
DA:2,6
DA:3,6
DA:5,6
DA:7,6
DA:8,6
DA:10,6
DA:11,6
DA:12,6
DA:13,6
DA:14,6
DA:20,6
DA:25,6
DA:31,6
DA:32,6
DA:34,6
LF:16
LH:16
BRF:0
BRH:0
end_of_record
